The following modules were not unloaded:
  (Use "module --force purge" to unload all):

  1) CCconfig        6)  ucx/1.14.1         11) flexiblas/3.3.1
  2) gentoo/2023     7)  libfabric/1.18.0   12) blis/0.9.0
  3) gcccore/.12.3   8)  pmix/4.2.4         13) StdEnv/2023
  4) gcc/12.3        9)  ucc/1.2.0
  5) hwloc/2.9.1     10) openmpi/4.1.5
method  A2C 

Episode 1 return: -431.61
Episode 2 return: -490.01
Episode 3 return: -502.78
Episode 4 return: -812.19
Episode 5 return: -521.12
Episode 6 return: -919.00
Episode 7 return: -578.34
Episode 8 return: -780.51
Episode 9 return: -1042.56
Episode 10 return: -604.58
Episode 11 return: -741.84
Episode 12 return: -934.60
Episode 13 return: -719.38
Episode 14 return: -1179.40
Episode 15 return: -1074.57
Episode 16 return: -757.53
Episode 17 return: -1006.77
Episode 18 return: -861.28
Episode 19 return: -787.99
Episode 20 return: -472.61
Episode 21 return: -999.97
Episode 22 return: -820.25
Episode 23 return: -1287.02
Episode 24 return: -1188.72
Episode 25 return: -1100.69
Episode 26 return: -1140.59
Episode 27 return: -816.45
Episode 28 return: -735.62
Episode 29 return: -886.05
Episode 30 return: -1204.57
Episode 31 return: -903.92
Episode 32 return: -741.51
Episode 33 return: -800.80
Episode 34 return: -1255.99
Episode 35 return: -1046.91
Episode 36 return: -798.46
Episode 37 return: -1143.04
Episode 38 return: -1053.88
Episode 39 return: -1729.76
Episode 40 return: -1515.03
Episode 41 return: -1521.96
Episode 42 return: -1185.82
Episode 43 return: -1064.90
Episode 44 return: -751.18
Episode 45 return: -856.23
Episode 46 return: -1465.74
Episode 47 return: -1310.90
Episode 48 return: -1225.50
Episode 49 return: -1252.77
Episode 50 return: -1760.12
Episode 51 return: -783.02
Episode 52 return: -1015.81
Episode 53 return: -753.19
Episode 54 return: -1250.00
Episode 55 return: -840.27
Episode 56 return: -1701.88
Episode 57 return: -719.84
Episode 58 return: -1033.83
Episode 59 return: -774.70
Episode 60 return: -935.02
Episode 61 return: -387.46
Episode 62 return: -677.09
Episode 63 return: -1361.80
Episode 64 return: -684.98
Episode 65 return: -831.23
Episode 66 return: -793.13
Episode 67 return: -509.93
Episode 68 return: -39.83
Episode 69 return: -402.13
Episode 70 return: -508.42
Episode 71 return: -906.28
Episode 72 return: -646.00
Episode 73 return: -1652.16
Episode 74 return: -366.76
Episode 75 return: -414.88
Episode 76 return: -761.59
Episode 77 return: -408.50
Episode 78 return: -377.30
Episode 79 return: -870.72
Episode 80 return: -825.89
Episode 81 return: -750.05
Episode 82 return: -688.09
Episode 83 return: -646.33
Episode 84 return: -528.13
Episode 85 return: -960.90
Episode 86 return: -468.84
Episode 87 return: -583.92
Episode 88 return: -649.26
Episode 89 return: -612.51
Episode 90 return: -578.95
Episode 91 return: -646.75
Episode 92 return: -502.00
Episode 93 return: -356.17
Episode 94 return: -438.12
Episode 95 return: -428.91
Episode 96 return: -426.52
Episode 97 return: -588.81
Episode 98 return: -603.12
Episode 99 return: -560.74
Episode 100 return: -530.03
Episode 101 return: -542.44
Episode 102 return: -481.00
Episode 103 return: -669.28
Episode 104 return: -559.58
Episode 105 return: -701.34
Episode 106 return: -604.14
Episode 107 return: -639.78
Episode 108 return: -719.24
Episode 109 return: -790.11
Episode 110 return: -767.82
Episode 111 return: -795.24
Episode 112 return: -661.85
Episode 113 return: -756.37
Episode 114 return: -784.62
Episode 115 return: -791.28
Episode 116 return: -667.17
Episode 117 return: -763.79
Episode 118 return: -770.83
Episode 119 return: -678.20
Episode 120 return: -640.88
Episode 121 return: -633.41
Episode 122 return: -794.25
Episode 123 return: -745.15
Episode 124 return: -732.69
Episode 125 return: -809.85
Episode 126 return: -670.10
Episode 127 return: -699.47
Episode 128 return: -624.62
Episode 129 return: -799.80
Episode 130 return: -765.81
Episode 131 return: -658.24
Episode 132 return: -731.65
Episode 133 return: -778.80
Episode 134 return: -711.25
Episode 135 return: -744.30
Episode 136 return: -733.71
Episode 137 return: -695.60
Episode 138 return: -626.64
Episode 139 return: -559.69
Episode 140 return: -679.93
Episode 141 return: -604.73
Episode 142 return: -448.36
Episode 143 return: -414.72
Episode 144 return: -249.29
Episode 145 return: -320.10
Episode 146 return: -223.23
Episode 147 return: -130.84
Episode 148 return: -121.76
Episode 149 return: -48.21
Episode 150 return: -194.04
Episode 151 return: -134.64
Episode 152 return: -4.38
Episode 153 return: -159.03
Episode 154 return: -106.55
Episode 155 return: -90.76
Episode 156 return: -197.19
Episode 157 return: -154.50
Episode 158 return: -139.48
Episode 159 return: -241.46
Episode 160 return: -139.76
Episode 161 return: -222.12
Episode 162 return: -150.17
Episode 163 return: -165.05
Episode 164 return: -121.92
Episode 165 return: -43.12
Episode 166 return: 67.98
Episode 167 return: -106.28
Episode 168 return: 3.29
Episode 169 return: -109.28
Episode 170 return: -60.49
Episode 171 return: -35.05
Episode 172 return: -75.70
Episode 173 return: 25.59
Episode 174 return: -180.63
Episode 175 return: -94.87
Episode 176 return: -115.89
Episode 177 return: -181.42
Episode 178 return: 73.76
Episode 179 return: 221.28
Episode 180 return: 246.17
Episode 181 return: 303.59
Episode 182 return: 291.48
Episode 183 return: -18.92
Episode 184 return: 5.32
Episode 185 return: 52.85
Episode 186 return: 215.11
Episode 187 return: 178.49
Episode 188 return: -63.27
Episode 189 return: -71.56
Episode 190 return: -96.06
Episode 191 return: -95.66
Episode 192 return: -69.98
Episode 193 return: -144.52
Episode 194 return: -60.37
Episode 195 return: -108.64
Episode 196 return: 138.88
Episode 197 return: -97.81
Episode 198 return: -113.96
Episode 199 return: -259.20
Episode 200 return: 166.07
Episode 201 return: 212.09
Episode 202 return: 266.57
Episode 203 return: 295.39
Episode 204 return: 23.60
Episode 205 return: -2.29
Episode 206 return: 236.92
Episode 207 return: 30.15
Episode 208 return: -39.02
Episode 209 return: -14.67
Episode 210 return: -5.28
Episode 211 return: -19.16
Episode 212 return: -54.70
Episode 213 return: -58.90
Episode 214 return: -32.71
Episode 215 return: 3.02
Episode 216 return: 137.12
Episode 217 return: -78.90
Episode 218 return: -89.00
Episode 219 return: -69.74
Episode 220 return: -102.53
Episode 221 return: -33.58
Episode 222 return: -7.88
Episode 223 return: 220.20
Episode 224 return: 5.07
Episode 225 return: 24.32
Episode 226 return: 59.67
Episode 227 return: 237.45
Episode 228 return: -26.92
Episode 229 return: 220.46
Episode 230 return: 184.95
Episode 231 return: 181.51
Episode 232 return: 197.34
Episode 233 return: -63.65
Episode 234 return: 168.00
Episode 235 return: 260.99
Episode 236 return: -20.23
Episode 237 return: 52.06
Episode 238 return: -22.22
Episode 239 return: 26.06
Episode 240 return: 159.67
Episode 241 return: -82.73
Episode 242 return: -98.69
Episode 243 return: 0.35
Episode 244 return: 70.45
Episode 245 return: 88.99
Episode 246 return: 43.54
Episode 247 return: -72.60
Episode 248 return: -71.22
Episode 249 return: -52.31
Episode 250 return: 186.53
Episode 251 return: 33.78
Episode 252 return: -89.06
Episode 253 return: -82.68
Episode 254 return: 29.81
Episode 255 return: -70.83
Episode 256 return: -107.52
Episode 257 return: 25.35
Episode 258 return: 56.55
Episode 259 return: -101.36
Episode 260 return: -83.71
Episode 261 return: -26.05
Episode 262 return: -45.46
Episode 263 return: -62.04
Episode 264 return: -94.23
Episode 265 return: -3.05
Episode 266 return: -35.86
Episode 267 return: -93.41
Episode 268 return: -63.33
Episode 269 return: -70.36
Episode 270 return: -118.70
Episode 271 return: -62.91
Episode 272 return: -25.75
Episode 273 return: -72.57
Episode 274 return: -66.35
Episode 275 return: -129.50
Episode 276 return: -56.26
Episode 277 return: -165.85
Episode 278 return: -77.55
Episode 279 return: -68.71
Episode 280 return: -77.91
Episode 281 return: -80.99
Episode 282 return: -63.36
Episode 283 return: -42.91
Episode 284 return: -75.51
Episode 285 return: -25.94
Episode 286 return: -69.07
Episode 287 return: -88.80
Episode 288 return: -85.93
Episode 289 return: -54.34
Episode 290 return: -55.74
Episode 291 return: -81.87
Episode 292 return: -30.09
Episode 293 return: -116.09
Episode 294 return: -49.76
Episode 295 return: -30.56
Episode 296 return: -43.80
Episode 297 return: -61.88
Episode 298 return: -78.08
Episode 299 return: -62.97
Episode 300 return: -13.32

Finished training after 300 episodes.
len(return_logger.episodic_returns):  300
method  A2C 

Episode 1 return: -638.95
Episode 2 return: -655.67
Episode 3 return: -257.95
Episode 4 return: -312.71
Episode 5 return: -132.89
Episode 6 return: -96.89
Episode 7 return: -589.32
Episode 8 return: -384.33
Episode 9 return: -661.42
Episode 10 return: -534.90
Episode 11 return: -538.51
Episode 12 return: -480.49
Episode 13 return: -409.05
Episode 14 return: -385.39
Episode 15 return: -275.06
Episode 16 return: -390.93
Episode 17 return: -343.74
Episode 18 return: -368.68
Episode 19 return: -525.52
Episode 20 return: -377.09
Episode 21 return: -561.67
Episode 22 return: -821.47
Episode 23 return: -560.24
Episode 24 return: -615.49
Episode 25 return: -575.70
Episode 26 return: -454.30
Episode 27 return: -624.69
Episode 28 return: -548.06
Episode 29 return: -844.74
Episode 30 return: -696.55
Episode 31 return: -510.68
Episode 32 return: -552.88
Episode 33 return: -628.28
Episode 34 return: -399.54
Episode 35 return: -644.17
Episode 36 return: -719.38
Episode 37 return: -603.01
Episode 38 return: -518.27
Episode 39 return: -403.70
Episode 40 return: -664.95
Episode 41 return: -731.98
Episode 42 return: -1152.22
Episode 43 return: -755.77
Episode 44 return: -832.18
Episode 45 return: -747.73
Episode 46 return: -674.17
Episode 47 return: -953.69
Episode 48 return: -974.66
Episode 49 return: -1493.11
Episode 50 return: -331.98
Episode 51 return: -642.12
Episode 52 return: -747.02
Episode 53 return: -549.13
Episode 54 return: -803.39
Episode 55 return: -690.38
Episode 56 return: -485.07
Episode 57 return: -669.40
Episode 58 return: -499.31
Episode 59 return: -408.13
Episode 60 return: -841.12
Episode 61 return: -672.77
Episode 62 return: -427.83
Episode 63 return: -759.34
Episode 64 return: -401.24
Episode 65 return: -1161.46
Episode 66 return: -1226.22
Episode 67 return: -870.34
Episode 68 return: -1090.62
Episode 69 return: -491.95
Episode 70 return: -776.16
Episode 71 return: -513.82
Episode 72 return: -429.31
Episode 73 return: -315.08
Episode 74 return: -668.14
Episode 75 return: -378.39
Episode 76 return: -197.44
Episode 77 return: -662.03
Episode 78 return: -445.95
Episode 79 return: -223.98
Episode 80 return: -527.05
Episode 81 return: -580.67
Episode 82 return: -404.99
Episode 83 return: -536.51
Episode 84 return: -420.64
Episode 85 return: -524.03
Episode 86 return: -501.53
Episode 87 return: -128.61
Episode 88 return: -92.08
Episode 89 return: -477.57
Episode 90 return: -674.39
Episode 91 return: -504.76
Episode 92 return: -436.48
Episode 93 return: -296.34
Episode 94 return: -424.82
Episode 95 return: -307.97
Episode 96 return: -134.79
Episode 97 return: -497.95
Episode 98 return: -105.60
Episode 99 return: -416.24
Episode 100 return: -649.03
Episode 101 return: -671.36
Episode 102 return: -385.36
Episode 103 return: -521.26
Episode 104 return: -573.28
Episode 105 return: -935.33
Episode 106 return: -630.35
Episode 107 return: -387.51
Episode 108 return: -661.64
Episode 109 return: -611.80
Episode 110 return: -522.51
Episode 111 return: -353.17
Episode 112 return: -378.84
Episode 113 return: -411.48
Episode 114 return: -507.36
Episode 115 return: -331.95
Episode 116 return: -624.56
Episode 117 return: -549.47
Episode 118 return: -284.87
Episode 119 return: -180.46
Episode 120 return: -429.51
Episode 121 return: -440.86
Episode 122 return: -223.84
Episode 123 return: -102.41
Episode 124 return: -255.38
Episode 125 return: -324.42
Episode 126 return: -209.31
Episode 127 return: -164.08
Episode 128 return: -226.37
Episode 129 return: -427.94
Episode 130 return: -208.95
Episode 131 return: -71.18
Episode 132 return: -186.30
Episode 133 return: -207.62
Episode 134 return: -277.70
Episode 135 return: -361.08
Episode 136 return: -629.45
Episode 137 return: -421.70
Episode 138 return: -472.91
Episode 139 return: -579.60
Episode 140 return: -545.55
Episode 141 return: -236.55
Episode 142 return: -202.89
Episode 143 return: -144.40
Episode 144 return: -327.09
Episode 145 return: -324.86
Episode 146 return: -369.03
Episode 147 return: -426.92
Episode 148 return: -118.12
Episode 149 return: -445.36
Episode 150 return: -493.52
Episode 151 return: -204.55
Episode 152 return: -499.97
Episode 153 return: -158.10
Episode 154 return: -386.63
Episode 155 return: -339.72
Episode 156 return: -225.61
Episode 157 return: 37.74
Episode 158 return: 207.89
Episode 159 return: -46.21
Episode 160 return: -159.98
Episode 161 return: -149.58
Episode 162 return: -139.48
Episode 163 return: -116.96
Episode 164 return: -145.03
Episode 165 return: -168.41
Episode 166 return: -212.69
Episode 167 return: -144.48
Episode 168 return: -253.62
Episode 169 return: 175.97
Episode 170 return: -133.72
Episode 171 return: -12.38
Episode 172 return: -342.70
Episode 173 return: -47.47
Episode 174 return: -61.85
Episode 175 return: -192.33
Episode 176 return: -49.66
Episode 177 return: -216.01
Episode 178 return: 241.65
Episode 179 return: -109.74
Episode 180 return: 189.24
Episode 181 return: -34.30
Episode 182 return: -89.09
Episode 183 return: -83.17
Episode 184 return: -111.33
Episode 185 return: -102.51
Episode 186 return: -88.37
Episode 187 return: -100.92
Episode 188 return: -71.15
Episode 189 return: -64.34
Episode 190 return: -114.53
Episode 191 return: -83.07
Episode 192 return: -181.02
Episode 193 return: -83.06
Episode 194 return: -120.72
Episode 195 return: 149.29
Episode 196 return: -145.81
Episode 197 return: 53.72
Episode 198 return: -182.08
Episode 199 return: -147.87
Episode 200 return: -124.45
Episode 201 return: -515.86
Episode 202 return: -104.25
Episode 203 return: -245.29
Episode 204 return: -168.77
Episode 205 return: -126.28
Episode 206 return: -370.99
Episode 207 return: -440.10
Episode 208 return: -445.81
Episode 209 return: -404.20
Episode 210 return: -199.44
Episode 211 return: -441.61
Episode 212 return: -328.38
Episode 213 return: -585.68
Episode 214 return: -191.92
Episode 215 return: -482.09
Episode 216 return: -332.18
Episode 217 return: -263.44
Episode 218 return: -356.15
Episode 219 return: -402.00
Episode 220 return: -410.09
Episode 221 return: -429.66
Episode 222 return: -356.23
Episode 223 return: -51.43
Episode 224 return: -351.35
Episode 225 return: -92.54
Episode 226 return: -139.39
Episode 227 return: -131.14
Episode 228 return: -97.56
Episode 229 return: -23.05
Episode 230 return: -64.66
Episode 231 return: -207.11
Episode 232 return: 134.08
Episode 233 return: 168.95
Episode 234 return: -317.77
Episode 235 return: 209.11
Episode 236 return: -26.25
Episode 237 return: -253.56
Episode 238 return: -319.53
Episode 239 return: -402.79
Episode 240 return: -316.04
Episode 241 return: -390.23
Episode 242 return: -404.87
Episode 243 return: -390.58
Episode 244 return: -300.76
Episode 245 return: -426.51
Episode 246 return: -165.72
Episode 247 return: -251.91
Episode 248 return: -304.04
Episode 249 return: -264.23
Episode 250 return: -244.33
Episode 251 return: -477.92
Episode 252 return: -225.25
Episode 253 return: -131.41
Episode 254 return: -331.56
Episode 255 return: -297.94
Episode 256 return: -5.46
Episode 257 return: -274.01
Episode 258 return: -311.85
Episode 259 return: -265.69
Episode 260 return: -237.36
Episode 261 return: 147.02
Episode 262 return: -317.07
Episode 263 return: -344.70
Episode 264 return: -164.04
Episode 265 return: -290.93
Episode 266 return: 9.82
Episode 267 return: -485.03
Episode 268 return: -285.66
Episode 269 return: -285.59
Episode 270 return: -220.96
Episode 271 return: -276.12
Episode 272 return: -318.07
Episode 273 return: -270.79
Episode 274 return: -19.95
Episode 275 return: 200.72
Episode 276 return: -212.62
Episode 277 return: -304.51
Episode 278 return: -82.69
Episode 279 return: -77.82
Episode 280 return: -292.18
Episode 281 return: -70.69
Episode 282 return: -143.94
Episode 283 return: -205.29
Episode 284 return: -244.08
Episode 285 return: -94.01
Episode 286 return: -367.30
Episode 287 return: -283.78
Episode 288 return: -222.12
Episode 289 return: 168.07
Episode 290 return: -48.79
Episode 291 return: -193.34
Episode 292 return: 19.31
Episode 293 return: -35.34
Episode 294 return: -95.85
Episode 295 return: -45.83
Episode 296 return: -108.15
Episode 297 return: -272.64
Episode 298 return: -46.34
Episode 299 return: -205.86
Episode 300 return: -75.28

Finished training after 300 episodes.
len(return_logger.episodic_returns):  300
method  A2C 

Episode 1 return: -560.88
Episode 2 return: -548.88
Episode 3 return: -195.82
Episode 4 return: -288.76
Episode 5 return: -469.48
Episode 6 return: -1138.14
Episode 7 return: -831.30
Episode 8 return: -436.18
Episode 9 return: -1102.56
Episode 10 return: -557.03
Episode 11 return: -531.80
Episode 12 return: -611.31
Episode 13 return: -697.03
Episode 14 return: -728.49
Episode 15 return: -996.39
Episode 16 return: -1028.41
Episode 17 return: -766.71
Episode 18 return: -374.26
Episode 19 return: -534.19
Episode 20 return: -709.03
Episode 21 return: -555.01
Episode 22 return: -714.08
Episode 23 return: -907.80
Episode 24 return: -607.91
Episode 25 return: -1192.75
Episode 26 return: -320.37
Episode 27 return: -548.74
Episode 28 return: -604.41
Episode 29 return: -463.81
Episode 30 return: -601.41
Episode 31 return: -375.43
Episode 32 return: -707.11
Episode 33 return: -782.34
Episode 34 return: -511.63
Episode 35 return: -634.72
Episode 36 return: -541.27
Episode 37 return: -755.17
Episode 38 return: -579.75
Episode 39 return: -975.84
Episode 40 return: -714.41
Episode 41 return: -976.82
Episode 42 return: -528.18
Episode 43 return: -566.93
Episode 44 return: -754.70
Episode 45 return: -574.49
Episode 46 return: -359.41
Episode 47 return: -466.68
Episode 48 return: -360.73
Episode 49 return: -435.09
Episode 50 return: -471.11
Episode 51 return: -294.57
Episode 52 return: -412.09
Episode 53 return: -502.66
Episode 54 return: -580.18
Episode 55 return: -460.99
Episode 56 return: -692.54
Episode 57 return: -237.09
Episode 58 return: -170.56
Episode 59 return: -226.66
Episode 60 return: 7.77
Episode 61 return: -154.22
Episode 62 return: -393.45
Episode 63 return: -354.70
Episode 64 return: -225.69
Episode 65 return: -35.04
Episode 66 return: -332.88
Episode 67 return: -304.46
Episode 68 return: -409.89
Episode 69 return: -434.72
Episode 70 return: -342.63
Episode 71 return: -420.97
Episode 72 return: -497.96
Episode 73 return: -313.82
Episode 74 return: -116.38
Episode 75 return: -333.50
Episode 76 return: -132.10
Episode 77 return: -411.55
Episode 78 return: -455.36
Episode 79 return: -249.09
Episode 80 return: -133.30
Episode 81 return: -329.05
Episode 82 return: -334.57
Episode 83 return: -317.93
Episode 84 return: -378.63
Episode 85 return: -327.34
Episode 86 return: -722.22
Episode 87 return: -560.94
Episode 88 return: -535.83
Episode 89 return: -560.64
Episode 90 return: -323.59
Episode 91 return: -532.90
Episode 92 return: -701.79
Episode 93 return: -338.58
Episode 94 return: -853.10
Episode 95 return: -780.79
Episode 96 return: -528.71
Episode 97 return: -366.27
Episode 98 return: -387.63
Episode 99 return: -407.50
Episode 100 return: -459.21
Episode 101 return: -549.56
Episode 102 return: -511.35
Episode 103 return: -536.80
Episode 104 return: -337.64
Episode 105 return: -798.88
Episode 106 return: -361.50
Episode 107 return: -546.49
Episode 108 return: -522.76
Episode 109 return: -436.30
Episode 110 return: -580.61
Episode 111 return: -491.17
Episode 112 return: -548.70
Episode 113 return: -462.03
Episode 114 return: -348.84
Episode 115 return: -302.71
Episode 116 return: -756.04
Episode 117 return: -412.14
Episode 118 return: -508.36
Episode 119 return: -358.64
Episode 120 return: -370.90
Episode 121 return: -814.16
Episode 122 return: -322.99
Episode 123 return: -451.73
Episode 124 return: -353.64
Episode 125 return: -512.81
Episode 126 return: -474.17
Episode 127 return: -638.68
Episode 128 return: -331.28
Episode 129 return: -321.56
Episode 130 return: -380.89
Episode 131 return: -411.02
Episode 132 return: -472.74
Episode 133 return: -488.65
Episode 134 return: -416.73
Episode 135 return: -269.70
Episode 136 return: -341.36
Episode 137 return: -293.41
Episode 138 return: -471.97
Episode 139 return: -484.16
Episode 140 return: -682.02
Episode 141 return: -422.88
Episode 142 return: -374.98
Episode 143 return: -319.02
Episode 144 return: -504.11
Episode 145 return: -329.79
Episode 146 return: -411.70
Episode 147 return: -422.67
Episode 148 return: -339.79
Episode 149 return: -529.04
Episode 150 return: -246.58
Episode 151 return: -187.30
Episode 152 return: -416.80
Episode 153 return: -532.53
Episode 154 return: -457.94
Episode 155 return: -505.99
Episode 156 return: -307.57
Episode 157 return: -469.13
Episode 158 return: -512.94
Episode 159 return: -415.35
Episode 160 return: -669.94
Episode 161 return: -394.52
Episode 162 return: -593.28
Episode 163 return: -410.73
Episode 164 return: -614.54
Episode 165 return: -572.72
Episode 166 return: -486.97
Episode 167 return: -694.42
Episode 168 return: -784.65
Episode 169 return: -569.77
Episode 170 return: -448.57
Episode 171 return: -498.70
Episode 172 return: -645.01
Episode 173 return: -524.76
Episode 174 return: -795.12
Episode 175 return: -798.24
Episode 176 return: -398.39
Episode 177 return: -546.32
Episode 178 return: -409.45
Episode 179 return: -441.71
Episode 180 return: -455.86
Episode 181 return: -442.59
Episode 182 return: -425.09
Episode 183 return: -759.04
Episode 184 return: -559.41
Episode 185 return: -1167.14
Episode 186 return: -547.89
Episode 187 return: -761.37
Episode 188 return: -659.12
Episode 189 return: -470.63
Episode 190 return: -763.16
Episode 191 return: -536.81
Episode 192 return: -510.91
Episode 193 return: -468.83
Episode 194 return: -947.91
Episode 195 return: -478.08
Episode 196 return: -481.12
Episode 197 return: -706.70
Episode 198 return: -648.90
Episode 199 return: -699.00
Episode 200 return: -665.73
Episode 201 return: -449.37
Episode 202 return: -897.29
Episode 203 return: -735.60
Episode 204 return: -609.92
Episode 205 return: -563.38
Episode 206 return: -626.54
Episode 207 return: -561.00
Episode 208 return: -384.43
Episode 209 return: -466.35
Episode 210 return: -502.27
Episode 211 return: -796.47
Episode 212 return: -556.63
Episode 213 return: -398.64
Episode 214 return: -451.41
Episode 215 return: -412.63
Episode 216 return: -356.71
Episode 217 return: -814.00
Episode 218 return: -615.44
Episode 219 return: -526.58
Episode 220 return: -739.78
Episode 221 return: -620.05
Episode 222 return: -411.89
Episode 223 return: -917.05
Episode 224 return: -470.42
Episode 225 return: -881.00
Episode 226 return: -449.20
Episode 227 return: -444.06
Episode 228 return: -519.82
Episode 229 return: -426.40
Episode 230 return: -444.73
Episode 231 return: -536.33
Episode 232 return: -760.84
Episode 233 return: -503.81
Episode 234 return: -479.03
Episode 235 return: -1039.88
Episode 236 return: -616.08
Episode 237 return: -754.85
Episode 238 return: -566.89
Episode 239 return: -544.96
Episode 240 return: -456.44
Episode 241 return: -499.33
Episode 242 return: -385.21
Episode 243 return: -450.71
Episode 244 return: -540.26
Episode 245 return: -444.42
Episode 246 return: -421.68
Episode 247 return: -479.90
Episode 248 return: -763.16
Episode 249 return: -583.65
Episode 250 return: -798.19
Episode 251 return: -407.38
Episode 252 return: -629.90
Episode 253 return: -514.84
Episode 254 return: -543.65
Episode 255 return: -545.00
Episode 256 return: -382.46
Episode 257 return: -666.18
Episode 258 return: -663.15
Episode 259 return: -784.60
Episode 260 return: -487.56
Episode 261 return: -732.61
Episode 262 return: -780.64
Episode 263 return: -498.37
Episode 264 return: -502.23
Episode 265 return: -737.23
Episode 266 return: -851.61
Episode 267 return: -644.55
Episode 268 return: -933.80
Episode 269 return: -517.49
Episode 270 return: -495.83
Episode 271 return: -319.67
Episode 272 return: -811.34
Episode 273 return: -739.68
Episode 274 return: -477.62
Episode 275 return: -1036.09
Episode 276 return: -480.62
Episode 277 return: -683.12
Episode 278 return: -525.27
Episode 279 return: -1014.86
Episode 280 return: -695.59
Episode 281 return: -584.12
Episode 282 return: -460.06
Episode 283 return: -677.95
Episode 284 return: -513.97
Episode 285 return: -424.06
Episode 286 return: -491.93
Episode 287 return: -483.93
Episode 288 return: -610.23
Episode 289 return: -615.80
Episode 290 return: -453.25
Episode 291 return: -431.53
Episode 292 return: -816.80
Episode 293 return: -877.18
Episode 294 return: -479.19
Episode 295 return: -576.62
Episode 296 return: -653.37
Episode 297 return: -746.20
Episode 298 return: -438.33
Episode 299 return: -646.14
Episode 300 return: -798.78

Finished training after 300 episodes.
len(return_logger.episodic_returns):  300
method  PPO 

Episode 1 return: -423.51
Episode 2 return: -425.88
Episode 3 return: -61.34
Episode 4 return: -90.38
Episode 5 return: -64.41
Episode 6 return: -340.41
Episode 7 return: -18.33
Episode 8 return: -91.92
Episode 9 return: -478.80
Episode 10 return: -268.86
Episode 11 return: -382.72
Episode 12 return: -90.25
Episode 13 return: -394.36
Episode 14 return: -271.07
Episode 15 return: -396.58
Episode 16 return: -318.92
Episode 17 return: -52.20
Episode 18 return: -304.24
Episode 19 return: -534.37
Episode 20 return: -110.29
Episode 21 return: -232.91
Episode 22 return: -158.01
Episode 23 return: -239.76
Episode 24 return: -34.67
Episode 25 return: -42.50
Episode 26 return: -161.89
Episode 27 return: -183.78
Episode 28 return: -293.42
Episode 29 return: -236.00
Episode 30 return: -281.10
Episode 31 return: -440.45
Episode 32 return: -61.88
Episode 33 return: -660.56
Episode 34 return: -242.42
Episode 35 return: -60.63
Episode 36 return: -84.79
Episode 37 return: -399.17
Episode 38 return: -403.62
Episode 39 return: -68.49
Episode 40 return: -412.68
Episode 41 return: -103.85
Episode 42 return: -268.54
Episode 43 return: -300.47
Episode 44 return: -264.23
Episode 45 return: -388.78
Episode 46 return: -225.47
Episode 47 return: -45.98
Episode 48 return: -90.21
Episode 49 return: -217.28
Episode 50 return: -204.96
Episode 51 return: -406.54
Episode 52 return: -210.91
Episode 53 return: -262.78
Episode 54 return: -173.72
Episode 55 return: -231.62
Episode 56 return: -23.00
Episode 57 return: -120.15
Episode 58 return: -208.53
Episode 59 return: -108.67
Episode 60 return: -130.22
Episode 61 return: -399.81
Episode 62 return: -204.64
Episode 63 return: -102.99
Episode 64 return: -224.67
Episode 65 return: -105.14
Episode 66 return: -387.68
Episode 67 return: -121.56
Episode 68 return: 9.84
Episode 69 return: -57.88
Episode 70 return: -70.28
Episode 71 return: -76.25
Episode 72 return: -259.66
Episode 73 return: -198.16
Episode 74 return: -128.66
Episode 75 return: -76.17
Episode 76 return: -143.71
Episode 77 return: -171.27
Episode 78 return: -150.34
Episode 79 return: -254.11
Episode 80 return: -76.09
Episode 81 return: -99.55
Episode 82 return: -82.69
Episode 83 return: -138.81
Episode 84 return: -146.15
Episode 85 return: -361.86
Episode 86 return: -60.30
Episode 87 return: -111.31
Episode 88 return: -248.70
Episode 89 return: -104.81
Episode 90 return: -97.27
Episode 91 return: -208.32
Episode 92 return: -74.02
Episode 93 return: -209.43
Episode 94 return: -23.57
Episode 95 return: -71.22
Episode 96 return: -107.48
Episode 97 return: -294.89
Episode 98 return: -118.45
Episode 99 return: -83.15
Episode 100 return: -77.85
Episode 101 return: -162.34
Episode 102 return: -45.70
Episode 103 return: -54.75
Episode 104 return: -11.31
Episode 105 return: -73.55
Episode 106 return: -107.20
Episode 107 return: -56.46
Episode 108 return: -101.40
Episode 109 return: -66.74
Episode 110 return: -171.10
Episode 111 return: -81.85
Episode 112 return: -73.23
Episode 113 return: -48.60
Episode 114 return: -120.20
Episode 115 return: -35.46
Episode 116 return: 27.48
Episode 117 return: -48.90
Episode 118 return: -297.87
Episode 119 return: -75.86
Episode 120 return: -60.80
Episode 121 return: -197.00
Episode 122 return: -177.17
Episode 123 return: -95.21
Episode 124 return: -259.85
Episode 125 return: -182.74
Episode 126 return: -93.03
Episode 127 return: -103.70
Episode 128 return: -37.86
Episode 129 return: -312.75
Episode 130 return: -235.45
Episode 131 return: -132.92
Episode 132 return: -191.10
Episode 133 return: -41.85
Episode 134 return: -27.75
Episode 135 return: -108.18
Episode 136 return: -68.30
Episode 137 return: -196.10
Episode 138 return: -43.80
Episode 139 return: -80.82
Episode 140 return: -56.56
Episode 141 return: -44.52
Episode 142 return: -63.35
Episode 143 return: -57.35
Episode 144 return: -57.02
Episode 145 return: -7.54
Episode 146 return: -57.38
Episode 147 return: -36.55
Episode 148 return: -51.24
Episode 149 return: 13.62
Episode 150 return: -76.08
Episode 151 return: -50.18
Episode 152 return: -8.49
Episode 153 return: 5.62
Episode 154 return: -113.78
Episode 155 return: -51.11
Episode 156 return: -120.62
Episode 157 return: -125.19
Episode 158 return: -59.54
Episode 159 return: -37.97
Episode 160 return: -94.75
Episode 161 return: -33.17
Episode 162 return: -46.44
Episode 163 return: 10.98
Episode 164 return: -58.00
Episode 165 return: -2.42
Episode 166 return: -97.73
Episode 167 return: -60.18
Episode 168 return: -81.92
Episode 169 return: -133.72
Episode 170 return: -62.05
Episode 171 return: -42.33
Episode 172 return: -116.17
Episode 173 return: -45.45
Episode 174 return: -28.77
Episode 175 return: -62.80
Episode 176 return: -91.30
Episode 177 return: -15.05
Episode 178 return: -5.67
Episode 179 return: -35.12
Episode 180 return: -67.15
Episode 181 return: -64.95
Episode 182 return: -55.97
Episode 183 return: -79.10
Episode 184 return: 4.82
Episode 185 return: -69.75
Episode 186 return: -108.03
Episode 187 return: -65.05
Episode 188 return: -51.11
Episode 189 return: -87.91
Episode 190 return: -75.83
Episode 191 return: -75.30
Episode 192 return: -68.76
Episode 193 return: -57.35
Episode 194 return: -76.76
Episode 195 return: -16.84
Episode 196 return: -31.44
Episode 197 return: -85.79
Episode 198 return: -72.21
Episode 199 return: -60.01
Episode 200 return: -4.79
Episode 201 return: -86.65
Episode 202 return: -40.48
Episode 203 return: -86.22
Episode 204 return: -15.14
Episode 205 return: -60.38
Episode 206 return: -76.53
Episode 207 return: 10.32
Episode 208 return: -42.27
Episode 209 return: -129.11
Episode 210 return: -90.59
Episode 211 return: -65.96
Episode 212 return: -79.27
Episode 213 return: -92.84
Episode 214 return: -164.75
Episode 215 return: -9.49
Episode 216 return: 14.33
Episode 217 return: -122.30
Episode 218 return: 33.81
Episode 219 return: -77.10
Episode 220 return: -34.68
Episode 221 return: -145.05
Episode 222 return: -51.20
Episode 223 return: 12.61
Episode 224 return: 6.70
Episode 225 return: -152.07
Episode 226 return: -121.36
Episode 227 return: 23.15
Episode 228 return: -40.18
Episode 229 return: 13.67
Episode 230 return: 22.15
Episode 231 return: -60.18
Episode 232 return: -10.59
Episode 233 return: -61.01
Episode 234 return: -23.08
Episode 235 return: -8.45
Episode 236 return: -57.42
Episode 237 return: -8.46
Episode 238 return: -67.42
Episode 239 return: -36.19
Episode 240 return: -16.43
Episode 241 return: -136.86
Episode 242 return: -71.67
Episode 243 return: 18.54
Episode 244 return: -213.47
Episode 245 return: -227.43
Episode 246 return: 3.63
Episode 247 return: -131.25
Episode 248 return: -355.75
Episode 249 return: -39.59
Episode 250 return: -79.81
Episode 251 return: -1.09
Episode 252 return: -42.07
Episode 253 return: -18.12
Episode 254 return: -6.52
Episode 255 return: -38.45
Episode 256 return: -31.36
Episode 257 return: -266.83
Episode 258 return: -41.61
Episode 259 return: -17.49
Episode 260 return: 1.78
Episode 261 return: -0.32
Episode 262 return: -201.00
Episode 263 return: -36.77
Episode 264 return: 48.16
Episode 265 return: -24.68
Episode 266 return: -176.32
Episode 267 return: 10.72
Episode 268 return: -123.49
Episode 269 return: -37.88
Episode 270 return: 12.08
Episode 271 return: -25.36
Episode 272 return: -28.83
Episode 273 return: 29.64
Episode 274 return: -33.90
Episode 275 return: -1.91
Episode 276 return: -0.78
Episode 277 return: -96.51
Episode 278 return: 0.81
Episode 279 return: -52.07
Episode 280 return: 10.87
Episode 281 return: -6.09
Episode 282 return: 85.21
Episode 283 return: -58.41
Episode 284 return: -189.48
Episode 285 return: -37.14
Episode 286 return: -222.56
Episode 287 return: -0.56
Episode 288 return: 26.11
Episode 289 return: -44.97
Episode 290 return: 91.55
Episode 291 return: 47.05
Episode 292 return: 84.45
Episode 293 return: 93.53
Episode 294 return: 81.96
Episode 295 return: 31.97
Episode 296 return: 70.80
Episode 297 return: 47.75
Episode 298 return: -56.15
Episode 299 return: 24.08
Episode 300 return: -19.61

Finished training after 300 episodes.
len(return_logger.episodic_returns):  300
method  PPO 

Episode 1 return: -568.76
Episode 2 return: -201.95
Episode 3 return: -640.78
Episode 4 return: -108.40
Episode 5 return: -235.13
Episode 6 return: -397.88
Episode 7 return: -281.23
Episode 8 return: -230.52
Episode 9 return: -79.86
Episode 10 return: -184.32
Episode 11 return: -314.19
Episode 12 return: -119.21
Episode 13 return: -259.64
Episode 14 return: -600.72
Episode 15 return: -51.41
Episode 16 return: -149.52
Episode 17 return: -106.30
Episode 18 return: -141.17
Episode 19 return: -147.80
Episode 20 return: -354.90
Episode 21 return: -209.28
Episode 22 return: -203.10
Episode 23 return: -396.72
Episode 24 return: -56.69
Episode 25 return: -154.01
Episode 26 return: -194.85
Episode 27 return: -408.15
Episode 28 return: -130.38
Episode 29 return: -219.61
Episode 30 return: -170.49
Episode 31 return: -317.34
Episode 32 return: -123.74
Episode 33 return: -254.11
Episode 34 return: -208.37
Episode 35 return: -340.05
Episode 36 return: -47.50
Episode 37 return: -78.06
Episode 38 return: -340.71
Episode 39 return: -320.52
Episode 40 return: -10.90
Episode 41 return: -295.73
Episode 42 return: -175.33
Episode 43 return: -153.07
Episode 44 return: -92.96
Episode 45 return: -73.11
Episode 46 return: -218.03
Episode 47 return: -34.23
Episode 48 return: -239.81
Episode 49 return: -472.66
Episode 50 return: -116.85
Episode 51 return: -212.62
Episode 52 return: -285.88
Episode 53 return: -97.92
Episode 54 return: -65.93
Episode 55 return: -127.66
Episode 56 return: -82.49
Episode 57 return: -181.65
Episode 58 return: -357.42
Episode 59 return: -407.58
Episode 60 return: -204.15
Episode 61 return: -406.05
Episode 62 return: -206.22
Episode 63 return: -54.46
Episode 64 return: -259.74
Episode 65 return: -268.28
Episode 66 return: -157.76
Episode 67 return: -239.56
Episode 68 return: -322.55
Episode 69 return: -58.22
Episode 70 return: -439.03
Episode 71 return: -335.82
Episode 72 return: -292.40
Episode 73 return: -196.63
Episode 74 return: -385.89
Episode 75 return: -295.22
Episode 76 return: -180.66
Episode 77 return: -163.16
Episode 78 return: -302.42
Episode 79 return: -126.67
Episode 80 return: -216.12
Episode 81 return: -59.17
Episode 82 return: -223.10
Episode 83 return: -54.62
Episode 84 return: -203.05
Episode 85 return: -191.87
Episode 86 return: -237.61
Episode 87 return: -38.29
Episode 88 return: -197.15
Episode 89 return: -27.64
Episode 90 return: -218.36
Episode 91 return: -149.55
Episode 92 return: -66.22
Episode 93 return: -66.91
Episode 94 return: -78.54
Episode 95 return: -171.70
Episode 96 return: -296.72
Episode 97 return: -68.35
Episode 98 return: -255.21
Episode 99 return: -114.40
Episode 100 return: -295.02
Episode 101 return: -51.74
Episode 102 return: -97.58
Episode 103 return: -281.40
Episode 104 return: -303.20
Episode 105 return: -45.14
Episode 106 return: -190.83
Episode 107 return: -237.29
Episode 108 return: -130.30
Episode 109 return: -22.86
Episode 110 return: -111.65
Episode 111 return: -175.61
Episode 112 return: -279.28
Episode 113 return: -84.39
Episode 114 return: -0.99
Episode 115 return: -164.95
Episode 116 return: -69.73
Episode 117 return: -99.60
Episode 118 return: -64.34
Episode 119 return: -34.53
Episode 120 return: -5.54
Episode 121 return: -38.93
Episode 122 return: -87.49
Episode 123 return: -129.33
Episode 124 return: -62.40
Episode 125 return: -75.49
Episode 126 return: -118.20
Episode 127 return: -295.23
Episode 128 return: -10.65
Episode 129 return: -107.60
Episode 130 return: -152.26
Episode 131 return: -23.56
Episode 132 return: -24.82
Episode 133 return: -67.65
Episode 134 return: -96.81
Episode 135 return: -53.08
Episode 136 return: -74.19
Episode 137 return: -72.93
Episode 138 return: -49.86
Episode 139 return: -66.91
Episode 140 return: -78.28
Episode 141 return: -88.84
Episode 142 return: -59.02
Episode 143 return: -121.34
Episode 144 return: -61.69
Episode 145 return: -56.00
Episode 146 return: -69.76
Episode 147 return: -19.32
Episode 148 return: -95.12
Episode 149 return: -41.50
Episode 150 return: -249.80
Episode 151 return: -22.84
Episode 152 return: -18.62
Episode 153 return: -38.73
Episode 154 return: -43.67
Episode 155 return: -59.02
Episode 156 return: -149.42
Episode 157 return: -45.98
Episode 158 return: -37.39
Episode 159 return: -91.79
Episode 160 return: -100.10
Episode 161 return: -47.96
Episode 162 return: -59.04
Episode 163 return: -18.60
Episode 164 return: 24.04
Episode 165 return: -102.00
Episode 166 return: -42.47
Episode 167 return: -31.76
Episode 168 return: -16.51
Episode 169 return: -29.64
Episode 170 return: -35.11
Episode 171 return: -50.41
Episode 172 return: 48.97
Episode 173 return: 22.28
Episode 174 return: -3.19
Episode 175 return: 21.86
Episode 176 return: -2.01
Episode 177 return: 10.57
Episode 178 return: -204.12
Episode 179 return: -32.95
Episode 180 return: -174.21
Episode 181 return: -42.46
Episode 182 return: -78.01
Episode 183 return: -43.98
Episode 184 return: -5.93
Episode 185 return: 1.49
Episode 186 return: -21.12
Episode 187 return: -42.45
Episode 188 return: -11.17
Episode 189 return: -43.77
Episode 190 return: 27.86
Episode 191 return: -14.21
Episode 192 return: 46.48
Episode 193 return: -65.89
Episode 194 return: -68.53
Episode 195 return: -45.62
Episode 196 return: -69.42
Episode 197 return: -288.31
Episode 198 return: -272.40
Episode 199 return: -220.87
Episode 200 return: -14.53
Episode 201 return: -31.88
Episode 202 return: -6.99
Episode 203 return: -3.25
Episode 204 return: -228.40
Episode 205 return: -53.72
Episode 206 return: 16.29
Episode 207 return: 58.30
Episode 208 return: -89.82
Episode 209 return: -71.05
Episode 210 return: -228.07
Episode 211 return: -39.03
Episode 212 return: -61.98
Episode 213 return: 16.77
Episode 214 return: -180.56
Episode 215 return: -118.86
Episode 216 return: -66.94
Episode 217 return: -21.98
Episode 218 return: 13.18
Episode 219 return: -160.92
Episode 220 return: -69.96
Episode 221 return: -3.39
Episode 222 return: -86.89
Episode 223 return: -289.18
Episode 224 return: -92.76
Episode 225 return: -22.63
Episode 226 return: -125.60
Episode 227 return: -266.25
Episode 228 return: 53.02
Episode 229 return: 7.44
Episode 230 return: -244.39
Episode 231 return: 16.04
Episode 232 return: 48.98
Episode 233 return: -258.57
Episode 234 return: -15.93
Episode 235 return: -2.38
Episode 236 return: -300.11
Episode 237 return: -204.67
Episode 238 return: 31.55
Episode 239 return: -33.95
Episode 240 return: -63.74
Episode 241 return: -112.38
Episode 242 return: -29.27
Episode 243 return: 34.98
Episode 244 return: -19.78
Episode 245 return: -34.19
Episode 246 return: -13.44
Episode 247 return: -24.09
Episode 248 return: -9.39
Episode 249 return: 59.62
Episode 250 return: 26.25
Episode 251 return: -7.36
Episode 252 return: 30.06
Episode 253 return: 76.42
Episode 254 return: -8.56
Episode 255 return: -3.62
Episode 256 return: 18.35
Episode 257 return: 23.28
Episode 258 return: -59.00
Episode 259 return: -37.11
Episode 260 return: -165.30
Episode 261 return: 6.40
Episode 262 return: 3.66
Episode 263 return: 43.22
Episode 264 return: 32.03
Episode 265 return: 16.55
Episode 266 return: 51.73
Episode 267 return: 34.04
Episode 268 return: 6.69
Episode 269 return: 31.78
Episode 270 return: -14.27
Episode 271 return: 52.59
Episode 272 return: -30.85
Episode 273 return: -9.63
Episode 274 return: 68.14
Episode 275 return: 47.70
Episode 276 return: -55.92
Episode 277 return: -89.10
Episode 278 return: 36.28
Episode 279 return: -44.61
Episode 280 return: 65.23
Episode 281 return: 62.48
Episode 282 return: -25.30
Episode 283 return: -54.46
Episode 284 return: 61.13
Episode 285 return: 20.74
Episode 286 return: -98.51
Episode 287 return: -28.99
Episode 288 return: 10.96
Episode 289 return: 41.36
Episode 290 return: 56.08
Episode 291 return: 57.33
Episode 292 return: 60.25
Episode 293 return: -33.70
Episode 294 return: 4.22
Episode 295 return: 49.90
Episode 296 return: 53.43
Episode 297 return: -17.92
Episode 298 return: -40.95
Episode 299 return: 40.64
Episode 300 return: 9.90

Finished training after 300 episodes.
len(return_logger.episodic_returns):  300
method  PPO 

Episode 1 return: -70.02
Episode 2 return: -414.62
Episode 3 return: -366.53
Episode 4 return: -124.26
Episode 5 return: -211.78
Episode 6 return: -142.16
Episode 7 return: -129.30
Episode 8 return: -294.73
Episode 9 return: -408.63
Episode 10 return: -483.50
Episode 11 return: -405.43
Episode 12 return: -318.92
Episode 13 return: -192.59
Episode 14 return: -260.65
Episode 15 return: -342.17
Episode 16 return: -82.41
Episode 17 return: -259.50
Episode 18 return: -418.18
Episode 19 return: -274.79
Episode 20 return: -163.81
Episode 21 return: -273.18
Episode 22 return: -236.82
Episode 23 return: -206.14
Episode 24 return: -99.68
Episode 25 return: -326.59
Episode 26 return: -82.32
Episode 27 return: -77.33
Episode 28 return: -180.90
Episode 29 return: -60.87
Episode 30 return: -53.60
Episode 31 return: -113.36
Episode 32 return: -232.49
Episode 33 return: -249.87
Episode 34 return: -419.39
Episode 35 return: -224.51
Episode 36 return: -89.83
Episode 37 return: -284.62
Episode 38 return: -117.33
Episode 39 return: -270.14
Episode 40 return: -88.61
Episode 41 return: -46.60
Episode 42 return: -184.40
Episode 43 return: -124.15
Episode 44 return: -65.45
Episode 45 return: -57.73
Episode 46 return: -96.16
Episode 47 return: -79.34
Episode 48 return: -451.38
Episode 49 return: -253.81
Episode 50 return: -126.30
Episode 51 return: -95.12
Episode 52 return: -226.00
Episode 53 return: -66.69
Episode 54 return: -121.52
Episode 55 return: -130.23
Episode 56 return: -31.68
Episode 57 return: -247.19
Episode 58 return: -111.02
Episode 59 return: -153.69
Episode 60 return: -73.15
Episode 61 return: -213.02
Episode 62 return: -183.67
Episode 63 return: -254.92
Episode 64 return: -189.39
Episode 65 return: -134.84
Episode 66 return: -133.16
Episode 67 return: -278.99
Episode 68 return: -171.63
Episode 69 return: -105.14
Episode 70 return: -424.70
Episode 71 return: -131.05
Episode 72 return: -215.64
Episode 73 return: -91.17
Episode 74 return: -81.63
Episode 75 return: -115.62
Episode 76 return: -83.76
Episode 77 return: -114.33
Episode 78 return: -118.83
Episode 79 return: -63.60
Episode 80 return: -79.25
Episode 81 return: -66.21
Episode 82 return: -125.07
Episode 83 return: -79.78
Episode 84 return: -0.59
Episode 85 return: -130.15
Episode 86 return: -105.99
Episode 87 return: -24.33
Episode 88 return: -183.48
Episode 89 return: -228.36
Episode 90 return: -110.42
Episode 91 return: -87.89
Episode 92 return: -93.90
Episode 93 return: -96.26
Episode 94 return: -112.80
Episode 95 return: -160.16
Episode 96 return: -288.04
Episode 97 return: -159.46
Episode 98 return: -80.20
Episode 99 return: -81.14
Episode 100 return: -70.98
Episode 101 return: -27.06
Episode 102 return: -197.85
Episode 103 return: -85.24
Episode 104 return: -249.85
Episode 105 return: -87.92
Episode 106 return: -91.01
Episode 107 return: -254.06
Episode 108 return: -220.59
Episode 109 return: -166.69
Episode 110 return: -301.70
Episode 111 return: -74.93
Episode 112 return: -26.66
Episode 113 return: -121.51
Episode 114 return: -170.70
Episode 115 return: -250.21
Episode 116 return: -303.23
Episode 117 return: -78.92
Episode 118 return: -59.51
Episode 119 return: -99.84
Episode 120 return: -87.09
Episode 121 return: -181.35
Episode 122 return: -344.47
Episode 123 return: -188.01
Episode 124 return: -273.63
Episode 125 return: -144.04
Episode 126 return: -80.45
Episode 127 return: -68.86
Episode 128 return: -252.71
Episode 129 return: -94.75
Episode 130 return: -47.69
Episode 131 return: -34.60
Episode 132 return: -87.60
Episode 133 return: -79.18
Episode 134 return: -45.06
Episode 135 return: -111.36
Episode 136 return: -25.84
Episode 137 return: -69.81
Episode 138 return: -70.33
Episode 139 return: -162.04
Episode 140 return: -92.67
Episode 141 return: -66.44
Episode 142 return: -135.67
Episode 143 return: -97.91
Episode 144 return: -20.72
Episode 145 return: -164.34
Episode 146 return: -160.12
Episode 147 return: 22.90
Episode 148 return: -108.18
Episode 149 return: -42.52
Episode 150 return: -198.44
Episode 151 return: -199.65
Episode 152 return: -128.96
Episode 153 return: -52.71
Episode 154 return: -96.60
Episode 155 return: -36.07
Episode 156 return: -48.61
Episode 157 return: -91.33
Episode 158 return: -87.75
Episode 159 return: -67.04
Episode 160 return: -55.64
Episode 161 return: -58.60
Episode 162 return: -68.39
Episode 163 return: -57.43
Episode 164 return: -48.47
Episode 165 return: -174.50
Episode 166 return: -27.51
Episode 167 return: -53.42
Episode 168 return: -55.96
Episode 169 return: -79.08
Episode 170 return: -261.07
Episode 171 return: -51.74
Episode 172 return: -95.99
Episode 173 return: -2.21
Episode 174 return: -108.69
Episode 175 return: -63.70
Episode 176 return: -178.37
Episode 177 return: -87.73
Episode 178 return: -193.13
Episode 179 return: -63.86
Episode 180 return: -50.05
Episode 181 return: -64.72
Episode 182 return: -10.59
Episode 183 return: -59.58
Episode 184 return: -201.22
Episode 185 return: -85.99
Episode 186 return: -192.05
Episode 187 return: -59.75
Episode 188 return: -18.42
Episode 189 return: -105.09
Episode 190 return: -60.50
Episode 191 return: -45.03
Episode 192 return: -377.80
Episode 193 return: -127.81
Episode 194 return: -268.11
Episode 195 return: -32.06
Episode 196 return: -251.01
Episode 197 return: -84.28
Episode 198 return: -207.87
Episode 199 return: 16.54
Episode 200 return: -210.14
Episode 201 return: -2.52
Episode 202 return: 9.36
Episode 203 return: -25.34
Episode 204 return: -75.39
Episode 205 return: -22.20
Episode 206 return: -53.74
Episode 207 return: -39.58
Episode 208 return: -22.67
Episode 209 return: -26.26
Episode 210 return: -0.75
Episode 211 return: -80.09
Episode 212 return: -27.21
Episode 213 return: 34.55
Episode 214 return: -0.06
Episode 215 return: -13.73
Episode 216 return: 10.50
Episode 217 return: -71.18
Episode 218 return: -155.34
Episode 219 return: -34.78
Episode 220 return: -14.01
Episode 221 return: 24.93
Episode 222 return: -9.49
Episode 223 return: -43.48
Episode 224 return: -71.91
Episode 225 return: -4.98
Episode 226 return: -41.83
Episode 227 return: 43.33
Episode 228 return: 39.66
Episode 229 return: -29.42
Episode 230 return: 14.87
Episode 231 return: -28.69
Episode 232 return: 51.74
Episode 233 return: 59.72
Episode 234 return: 2.74
Episode 235 return: -90.78
Episode 236 return: -26.26
Episode 237 return: -33.50
Episode 238 return: -4.27
Episode 239 return: -90.69
Episode 240 return: -65.81
Episode 241 return: 29.40
Episode 242 return: 21.42
Episode 243 return: 12.30
Episode 244 return: -0.23
Episode 245 return: -0.77
Episode 246 return: 9.23
Episode 247 return: -16.44
Episode 248 return: -67.85
Episode 249 return: -242.51
Episode 250 return: 18.57
Episode 251 return: 9.16
Episode 252 return: -38.94
Episode 253 return: -7.23
Episode 254 return: -175.31
Episode 255 return: 52.81
Episode 256 return: -7.48
Episode 257 return: -44.08
Episode 258 return: -100.86
Episode 259 return: 42.78
Episode 260 return: 53.68
Episode 261 return: 9.46
Episode 262 return: -15.75
Episode 263 return: -59.06
Episode 264 return: 5.09
Episode 265 return: -124.36
Episode 266 return: -21.43
Episode 267 return: 8.86
Episode 268 return: 64.97
Episode 269 return: 38.44
Episode 270 return: -143.36
Episode 271 return: -95.46
Episode 272 return: -31.37
Episode 273 return: 7.18
Episode 274 return: -20.57
Episode 275 return: -77.74
Episode 276 return: 91.97
Episode 277 return: -174.87
Episode 278 return: 26.10
Episode 279 return: -207.91
Episode 280 return: -34.36
Episode 281 return: -111.24
Episode 282 return: -152.84
Episode 283 return: 19.98
Episode 284 return: 82.67
Episode 285 return: 75.53
Episode 286 return: -129.94
Episode 287 return: 32.47
Episode 288 return: 24.97
Episode 289 return: 65.56
Episode 290 return: 35.21
Episode 291 return: 76.70
Episode 292 return: 95.00
Episode 293 return: 14.33
Episode 294 return: 77.53
Episode 295 return: 56.85
Episode 296 return: -228.92
Episode 297 return: -106.06
Episode 298 return: -44.71
Episode 299 return: 4.67
Episode 300 return: -17.04

Finished training after 300 episodes.
len(return_logger.episodic_returns):  300
Traceback (most recent call last):
  File "/lustre06/project/6086407/nileb3/QRNN-MPC/sb3/run_LLC.py", line 25, in <module>
    run(env_seeds, prob, "DDPG", steps_per_episode, max_episodes)
  File "/lustre06/project/6086407/nileb3/QRNN-MPC/sb3/funcs_June27.py", line 389, in run
    model = DDPG(policy="MlpPolicy", env=env, buffer_size=200000, gamma=0.98, gradient_steps=-1, learning_rate=0.001, policy_kwargs=dict(net_arch=[400,300]), train_freq=[1,'episode']) # no learning_starts, no noise_std nor noise_type parameters, no normalize parameter
            ^^^^^^^^^^^^^^^^^^^^^^^^^^^^^^^^^^^^^^^^^^^^^^^^^^^^^^^^^^^^^^^^^^^^^^^^^^^^^^^^^^^^^^^^^^^^^^^^^^^^^^^^^^^^^^^^^^^^^^^^^^^^^^^^^^^^^^^^^^^^^^^^^^^^^^^^^^^^^^^^^^^^^^^^^^^
  File "/home/nileb3/myenv/lib/python3.11/site-packages/stable_baselines3/ddpg/ddpg.py", line 112, in __init__
    self._setup_model()
  File "/home/nileb3/myenv/lib/python3.11/site-packages/stable_baselines3/td3/td3.py", line 140, in _setup_model
    super()._setup_model()
  File "/home/nileb3/myenv/lib/python3.11/site-packages/stable_baselines3/common/off_policy_algorithm.py", line 208, in _setup_model
    self._convert_train_freq()
  File "/home/nileb3/myenv/lib/python3.11/site-packages/stable_baselines3/common/off_policy_algorithm.py", line 168, in _convert_train_freq
    raise ValueError(f"The frequency of `train_freq` must be an integer and not {train_freq[0]}")
ValueError: The frequency of `train_freq` must be an integer and not [1, 'episode']
