The following modules were not unloaded:
  (Use "module --force purge" to unload all):

  1) CCconfig        6)  ucx/1.14.1         11) flexiblas/3.3.1
  2) gentoo/2023     7)  libfabric/1.18.0   12) blis/0.9.0
  3) gcccore/.12.3   8)  pmix/4.2.4         13) StdEnv/2023
  4) gcc/12.3        9)  ucc/1.2.0
  5) hwloc/2.9.1     10) openmpi/4.1.5
method  A2C 

Episode 1 return: -303.98
Episode 2 return: -156.58
Episode 3 return: -140.22
Episode 4 return: -224.62
Episode 5 return: -439.80
Episode 6 return: -909.92
Episode 7 return: -540.66
Episode 8 return: -481.72
Episode 9 return: -426.27
Episode 10 return: -535.93
Episode 11 return: -673.01
Episode 12 return: -439.29
Episode 13 return: -591.40
Episode 14 return: -463.65
Episode 15 return: -616.99
Episode 16 return: -450.23
Episode 17 return: -497.30
Episode 18 return: -553.30
Episode 19 return: -530.32
Episode 20 return: -391.58
Episode 21 return: -799.14
Episode 22 return: -463.41
Episode 23 return: -475.93
Episode 24 return: -546.51
Episode 25 return: -446.31
Episode 26 return: -419.82
Episode 27 return: -704.18
Episode 28 return: -661.49
Episode 29 return: -980.85
Episode 30 return: -809.36
Episode 31 return: -607.77
Episode 32 return: -492.03
Episode 33 return: -517.91
Episode 34 return: -504.66
Episode 35 return: -430.74
Episode 36 return: -702.70
Episode 37 return: -1052.02
Episode 38 return: -463.99
Episode 39 return: -609.15
Episode 40 return: -492.24
Episode 41 return: -489.30
Episode 42 return: -485.35
Episode 43 return: -426.89
Episode 44 return: -530.86
Episode 45 return: -628.89
Episode 46 return: -1183.03
Episode 47 return: -593.34
Episode 48 return: -736.08
Episode 49 return: -830.62
Episode 50 return: -549.73
Episode 51 return: -733.16
Episode 52 return: -452.21
Episode 53 return: -451.06
Episode 54 return: -848.91
Episode 55 return: -504.95
Episode 56 return: -720.27
Episode 57 return: -462.50
Episode 58 return: -540.07
Episode 59 return: -519.39
Episode 60 return: -356.24
Episode 61 return: -470.55
Episode 62 return: -894.24
Episode 63 return: -465.20
Episode 64 return: -473.92
Episode 65 return: -502.70
Episode 66 return: -652.04
Episode 67 return: -523.02
Episode 68 return: -1252.49
Episode 69 return: -681.16
Episode 70 return: -1168.99
Episode 71 return: -604.32
Episode 72 return: -754.44
Episode 73 return: -362.75
Episode 74 return: -502.56
Episode 75 return: -1122.85
Episode 76 return: -526.47
Episode 77 return: -422.30
Episode 78 return: -501.50
Episode 79 return: -818.59
Episode 80 return: -437.47
Episode 81 return: -425.28
Episode 82 return: -410.87
Episode 83 return: -379.32
Episode 84 return: -447.06
Episode 85 return: -500.34
Episode 86 return: -476.18
Episode 87 return: -714.15
Episode 88 return: -762.82
Episode 89 return: -512.21
Episode 90 return: -423.15
Episode 91 return: -497.17
Episode 92 return: -701.34
Episode 93 return: -632.21
Episode 94 return: -512.06
Episode 95 return: -568.61
Episode 96 return: -478.94
Episode 97 return: -407.45
Episode 98 return: -644.53
Episode 99 return: -632.40
Episode 100 return: -449.49
Episode 101 return: -421.59
Episode 102 return: -428.82
Episode 103 return: -342.02
Episode 104 return: -574.61
Episode 105 return: -730.13
Episode 106 return: -521.49
Episode 107 return: -593.25
Episode 108 return: -641.25
Episode 109 return: -564.62
Episode 110 return: -381.54
Episode 111 return: -355.80
Episode 112 return: -641.40
Episode 113 return: -430.23
Episode 114 return: -566.27
Episode 115 return: -563.85
Episode 116 return: -340.55
Episode 117 return: -844.11
Episode 118 return: -671.35
Episode 119 return: -556.85
Episode 120 return: -754.24
Episode 121 return: -441.43
Episode 122 return: -702.87
Episode 123 return: -862.24
Episode 124 return: -495.51
Episode 125 return: -769.50
Episode 126 return: -552.94
Episode 127 return: -599.36
Episode 128 return: -435.06
Episode 129 return: -688.92
Episode 130 return: -538.76
Episode 131 return: -497.63
Episode 132 return: -680.55
Episode 133 return: -508.53
Episode 134 return: -514.85
Episode 135 return: -516.16
Episode 136 return: -387.30
Episode 137 return: -709.17
Episode 138 return: -538.82
Episode 139 return: -547.59
Episode 140 return: -530.57
Episode 141 return: -721.60
Episode 142 return: -560.06
Episode 143 return: -437.00
Episode 144 return: -369.43
Episode 145 return: -1012.43
Episode 146 return: -921.97
Episode 147 return: -529.26
Episode 148 return: -960.77
Episode 149 return: -417.07
Episode 150 return: -468.74
Episode 151 return: -705.68
Episode 152 return: -477.77
Episode 153 return: -786.52
Episode 154 return: -698.13
Episode 155 return: -460.61
Episode 156 return: -832.17
Episode 157 return: -460.19
Episode 158 return: -436.68
Episode 159 return: -393.09
Episode 160 return: -754.48
Episode 161 return: -496.80
Episode 162 return: -669.78
Episode 163 return: -548.39
Episode 164 return: -544.93
Episode 165 return: -516.46
Episode 166 return: -474.02
Episode 167 return: -533.41
Episode 168 return: -703.84
Episode 169 return: -533.69
Episode 170 return: -576.59
Episode 171 return: -841.41
Episode 172 return: -993.84
Episode 173 return: -761.20
Episode 174 return: -323.24
Episode 175 return: -541.46
Episode 176 return: -501.14
Episode 177 return: -769.27
Episode 178 return: -427.38
Episode 179 return: -441.10
Episode 180 return: -1051.75
Episode 181 return: -435.94
Episode 182 return: -423.72
Episode 183 return: -777.73
Episode 184 return: -427.81
Episode 185 return: -680.29
Episode 186 return: -474.20
Episode 187 return: -447.18
Episode 188 return: -307.26
Episode 189 return: -951.05
Episode 190 return: -352.02
Episode 191 return: -525.86
Episode 192 return: -476.11
Episode 193 return: -456.77
Episode 194 return: -775.35
Episode 195 return: -868.05
Episode 196 return: -534.41
Episode 197 return: -760.85
Episode 198 return: -776.19
Episode 199 return: -375.64
Episode 200 return: -574.17
Episode 201 return: -1033.17
Episode 202 return: -494.79
Episode 203 return: -569.50
Episode 204 return: -434.61
Episode 205 return: -554.68
Episode 206 return: -390.09
Episode 207 return: -376.66
Episode 208 return: -498.78
Episode 209 return: -519.81
Episode 210 return: -655.54
Episode 211 return: -815.79
Episode 212 return: -796.53
Episode 213 return: -704.14
Episode 214 return: -576.27
Episode 215 return: -534.35
Episode 216 return: -990.90
Episode 217 return: -546.54
Episode 218 return: -552.54
Episode 219 return: -543.62
Episode 220 return: -342.84
Episode 221 return: -891.09
Episode 222 return: -460.11
Episode 223 return: -481.64
Episode 224 return: -527.96
Episode 225 return: -460.85
Episode 226 return: -577.51
Episode 227 return: -524.58
Episode 228 return: -724.39
Episode 229 return: -489.39
Episode 230 return: -516.64
Episode 231 return: -334.89
Episode 232 return: -524.02
Episode 233 return: -634.10
Episode 234 return: -447.87
Episode 235 return: -594.46
Episode 236 return: -344.65
Episode 237 return: -384.72
Episode 238 return: -503.97
Episode 239 return: -794.73
Episode 240 return: -484.95
Episode 241 return: -421.99
Episode 242 return: -419.25
Episode 243 return: -844.23
Episode 244 return: -489.01
Episode 245 return: -386.63
Episode 246 return: -466.72
Episode 247 return: -714.53
Episode 248 return: -435.92
Episode 249 return: -433.63
Episode 250 return: -579.25
Episode 251 return: -686.41
Episode 252 return: -514.30
Episode 253 return: -564.61
Episode 254 return: -478.30
Episode 255 return: -484.76
Episode 256 return: -659.99
Episode 257 return: -475.06
Episode 258 return: -410.30
Episode 259 return: -1056.56
Episode 260 return: -452.24
Episode 261 return: -925.45
Episode 262 return: -430.29
Episode 263 return: -733.45
Episode 264 return: -415.86
Episode 265 return: -428.35
Episode 266 return: -765.69
Episode 267 return: -532.32
Episode 268 return: -712.52
Episode 269 return: -455.45
Episode 270 return: -548.16
Episode 271 return: -1022.33
Episode 272 return: -501.97
Episode 273 return: -733.25
Episode 274 return: -761.37
Episode 275 return: -431.64
Episode 276 return: -662.00
Episode 277 return: -964.85
Episode 278 return: -523.95
Episode 279 return: -536.46
Episode 280 return: -508.57
Episode 281 return: -872.10
Episode 282 return: -516.96
Episode 283 return: -471.40
Episode 284 return: -443.40
Episode 285 return: -539.44
Episode 286 return: -485.39
Episode 287 return: -788.40
Episode 288 return: -868.20
Episode 289 return: -553.74
Episode 290 return: -442.28
Episode 291 return: -573.27
Episode 292 return: -503.94
Episode 293 return: -454.66
Episode 294 return: -541.53
Episode 295 return: -718.52
Episode 296 return: -370.12
Episode 297 return: -390.92
Episode 298 return: -595.10
Episode 299 return: -454.24
Episode 300 return: -674.64

Finished training after 300 episodes.
len(return_logger.episodic_returns):  300
method  A2C 

Episode 1 return: -439.68
Episode 2 return: -1181.32
Episode 3 return: -633.76
Episode 4 return: -1069.92
Episode 5 return: -664.06
Episode 6 return: -549.81
Episode 7 return: -595.94
Episode 8 return: -886.21
Episode 9 return: -797.64
Episode 10 return: -484.61
Episode 11 return: -931.09
Episode 12 return: -527.16
Episode 13 return: -1105.99
Episode 14 return: -762.22
Episode 15 return: -436.98
Episode 16 return: -537.18
Episode 17 return: -422.96
Episode 18 return: -1000.39
Episode 19 return: -823.98
Episode 20 return: -337.54
Episode 21 return: -593.71
Episode 22 return: -1014.27
Episode 23 return: -464.11
Episode 24 return: -411.53
Episode 25 return: -485.97
Episode 26 return: -543.26
Episode 27 return: -272.26
Episode 28 return: -522.40
Episode 29 return: -697.27
Episode 30 return: -493.49
Episode 31 return: -547.49
Episode 32 return: -400.12
Episode 33 return: -303.24
Episode 34 return: -438.70
Episode 35 return: -379.77
Episode 36 return: -379.37
Episode 37 return: -556.85
Episode 38 return: -418.35
Episode 39 return: -345.62
Episode 40 return: -632.81
Episode 41 return: -504.14
Episode 42 return: -161.68
Episode 43 return: -430.43
Episode 44 return: -491.92
Episode 45 return: -561.81
Episode 46 return: -393.12
Episode 47 return: -468.87
Episode 48 return: -757.68
Episode 49 return: -787.26
Episode 50 return: -816.52
Episode 51 return: -871.43
Episode 52 return: -445.81
Episode 53 return: -542.93
Episode 54 return: -474.44
Episode 55 return: -580.44
Episode 56 return: -498.07
Episode 57 return: -181.97
Episode 58 return: -497.59
Episode 59 return: -513.12
Episode 60 return: -283.56
Episode 61 return: -494.62
Episode 62 return: -488.82
Episode 63 return: -524.64
Episode 64 return: -408.90
Episode 65 return: -241.26
Episode 66 return: -603.09
Episode 67 return: -584.09
Episode 68 return: -466.24
Episode 69 return: -346.84
Episode 70 return: -510.36
Episode 71 return: -439.28
Episode 72 return: -760.87
Episode 73 return: -622.43
Episode 74 return: -411.36
Episode 75 return: -447.52
Episode 76 return: -529.85
Episode 77 return: -560.52
Episode 78 return: -264.64
Episode 79 return: -510.39
Episode 80 return: -418.92
Episode 81 return: -335.08
Episode 82 return: -904.87
Episode 83 return: -374.96
Episode 84 return: -749.21
Episode 85 return: -732.60
Episode 86 return: -443.91
Episode 87 return: -582.48
Episode 88 return: -803.06
Episode 89 return: -881.65
Episode 90 return: -748.03
Episode 91 return: -861.55
Episode 92 return: -624.31
Episode 93 return: -655.13
Episode 94 return: -452.32
Episode 95 return: -492.59
Episode 96 return: -547.98
Episode 97 return: -425.39
Episode 98 return: -475.73
Episode 99 return: -560.58
Episode 100 return: -481.43
Episode 101 return: -234.85
Episode 102 return: -640.62
Episode 103 return: -409.25
Episode 104 return: -199.56
Episode 105 return: -271.73
Episode 106 return: -405.35
Episode 107 return: -105.70
Episode 108 return: -462.76
Episode 109 return: -433.22
Episode 110 return: -582.52
Episode 111 return: -308.73
Episode 112 return: -537.40
Episode 113 return: -398.61
Episode 114 return: -680.24
Episode 115 return: -380.24
Episode 116 return: -349.14
Episode 117 return: -333.46
Episode 118 return: -480.30
Episode 119 return: -554.60
Episode 120 return: -506.14
Episode 121 return: -474.16
Episode 122 return: -661.68
Episode 123 return: -474.50
Episode 124 return: -459.41
Episode 125 return: -727.42
Episode 126 return: -580.97
Episode 127 return: -407.98
Episode 128 return: -846.93
Episode 129 return: -482.42
Episode 130 return: -467.44
Episode 131 return: -406.83
Episode 132 return: -495.19
Episode 133 return: -833.40
Episode 134 return: -738.72
Episode 135 return: -518.22
Episode 136 return: -347.38
Episode 137 return: -383.23
Episode 138 return: -860.30
Episode 139 return: -576.86
Episode 140 return: -483.81
Episode 141 return: -470.19
Episode 142 return: -646.89
Episode 143 return: -693.99
Episode 144 return: -317.72
Episode 145 return: -423.38
Episode 146 return: -735.85
Episode 147 return: -425.64
Episode 148 return: -523.35
Episode 149 return: -474.94
Episode 150 return: -516.20
Episode 151 return: -772.45
Episode 152 return: -329.26
Episode 153 return: -512.19
Episode 154 return: -710.37
Episode 155 return: -394.46
Episode 156 return: -614.36
Episode 157 return: -479.46
Episode 158 return: -344.81
Episode 159 return: -632.47
Episode 160 return: -533.95
Episode 161 return: -445.93
Episode 162 return: -408.72
Episode 163 return: -365.29
Episode 164 return: -440.97
Episode 165 return: -555.57
Episode 166 return: -424.36
Episode 167 return: -375.77
Episode 168 return: -871.94
Episode 169 return: -525.82
Episode 170 return: -442.51
Episode 171 return: -594.51
Episode 172 return: -420.40
Episode 173 return: -390.05
Episode 174 return: -476.63
Episode 175 return: -339.88
Episode 176 return: -515.25
Episode 177 return: -431.56
Episode 178 return: -617.31
Episode 179 return: -424.79
Episode 180 return: -417.78
Episode 181 return: -422.91
Episode 182 return: -413.03
Episode 183 return: -452.05
Episode 184 return: -490.01
Episode 185 return: -781.94
Episode 186 return: -447.86
Episode 187 return: -421.92
Episode 188 return: -807.46
Episode 189 return: -724.07
Episode 190 return: -571.60
Episode 191 return: -537.39
Episode 192 return: -491.13
Episode 193 return: -477.29
Episode 194 return: -564.54
Episode 195 return: -326.45
Episode 196 return: -766.86
Episode 197 return: -536.14
Episode 198 return: -556.95
Episode 199 return: -505.61
Episode 200 return: -406.21
Episode 201 return: -548.15
Episode 202 return: -934.49
Episode 203 return: -322.79
Episode 204 return: -531.62
Episode 205 return: -656.81
Episode 206 return: -528.30
Episode 207 return: -728.59
Episode 208 return: -431.88
Episode 209 return: -558.89
Episode 210 return: -412.16
Episode 211 return: -466.04
Episode 212 return: -714.41
Episode 213 return: -434.46
Episode 214 return: -346.89
Episode 215 return: -419.53
Episode 216 return: -799.44
Episode 217 return: -442.52
Episode 218 return: -500.23
Episode 219 return: -646.72
Episode 220 return: -432.46
Episode 221 return: -359.47
Episode 222 return: -509.17
Episode 223 return: -432.28
Episode 224 return: -684.76
Episode 225 return: -713.94
Episode 226 return: -755.57
Episode 227 return: -328.07
Episode 228 return: -499.28
Episode 229 return: -346.06
Episode 230 return: -780.45
Episode 231 return: -370.39
Episode 232 return: -703.98
Episode 233 return: -519.27
Episode 234 return: -515.00
Episode 235 return: -493.66
Episode 236 return: -494.95
Episode 237 return: -457.60
Episode 238 return: -588.39
Episode 239 return: -751.32
Episode 240 return: -555.65
Episode 241 return: -683.53
Episode 242 return: -579.69
Episode 243 return: -562.80
Episode 244 return: -398.68
Episode 245 return: -625.89
Episode 246 return: -759.17
Episode 247 return: -885.25
Episode 248 return: -358.45
Episode 249 return: -558.00
Episode 250 return: -802.81
Episode 251 return: -406.86
Episode 252 return: -442.98
Episode 253 return: -415.15
Episode 254 return: -657.84
Episode 255 return: -623.97
Episode 256 return: -447.32
Episode 257 return: -650.23
Episode 258 return: -460.25
Episode 259 return: -375.65
Episode 260 return: -783.02
Episode 261 return: -482.78
Episode 262 return: -458.71
Episode 263 return: -463.59
Episode 264 return: -446.00
Episode 265 return: -467.39
Episode 266 return: -484.31
Episode 267 return: -418.52
Episode 268 return: -479.22
Episode 269 return: -403.73
Episode 270 return: -489.25
Episode 271 return: -463.18
Episode 272 return: -754.11
Episode 273 return: -509.63
Episode 274 return: -730.92
Episode 275 return: -402.68
Episode 276 return: -513.31
Episode 277 return: -475.39
Episode 278 return: -754.06
Episode 279 return: -434.23
Episode 280 return: -307.23
Episode 281 return: -478.10
Episode 282 return: -512.15
Episode 283 return: -483.90
Episode 284 return: -378.01
Episode 285 return: -343.13
Episode 286 return: -698.04
Episode 287 return: -421.49
Episode 288 return: -465.53
Episode 289 return: -454.59
Episode 290 return: -497.14
Episode 291 return: -560.39
Episode 292 return: -369.51
Episode 293 return: -504.19
Episode 294 return: -568.72
Episode 295 return: -849.89
Episode 296 return: -395.95
Episode 297 return: -638.89
Episode 298 return: -407.37
Episode 299 return: -801.81
Episode 300 return: -456.56

Finished training after 300 episodes.
len(return_logger.episodic_returns):  300
method  A2C 

Episode 1 return: -323.01
Episode 2 return: -240.84
Episode 3 return: -662.88
Episode 4 return: -420.09
Episode 5 return: -614.75
Episode 6 return: -1135.05
Episode 7 return: -757.58
Episode 8 return: -2177.70
Episode 9 return: -1454.12
Episode 10 return: -1179.55
Episode 11 return: -645.59
Episode 12 return: -391.68
Episode 13 return: -581.92
Episode 14 return: -164.76
Episode 15 return: -229.59
Episode 16 return: -330.45
Episode 17 return: -478.57
Episode 18 return: -197.86
Episode 19 return: -415.89
Episode 20 return: -407.17
Episode 21 return: -168.79
Episode 22 return: -189.93
Episode 23 return: -216.10
Episode 24 return: -195.58
Episode 25 return: -184.02
Episode 26 return: -164.59
Episode 27 return: -271.42
Episode 28 return: -121.69
Episode 29 return: -97.71
Episode 30 return: -201.16
Episode 31 return: -279.75
Episode 32 return: -398.79
Episode 33 return: -382.76
Episode 34 return: -200.87
Episode 35 return: -307.41
Episode 36 return: -211.80
Episode 37 return: -225.82
Episode 38 return: -328.72
Episode 39 return: -333.54
Episode 40 return: -315.06
Episode 41 return: -301.16
Episode 42 return: -244.00
Episode 43 return: -331.04
Episode 44 return: -460.33
Episode 45 return: -577.16
Episode 46 return: -521.55
Episode 47 return: -633.54
Episode 48 return: -669.22
Episode 49 return: -559.75
Episode 50 return: -680.03
Episode 51 return: -792.58
Episode 52 return: -1177.19
Episode 53 return: -1072.72
Episode 54 return: -845.47
Episode 55 return: -366.19
Episode 56 return: -468.55
Episode 57 return: -442.68
Episode 58 return: -766.44
Episode 59 return: -352.78
Episode 60 return: -527.63
Episode 61 return: -557.07
Episode 62 return: -811.31
Episode 63 return: -638.35
Episode 64 return: -905.14
Episode 65 return: -764.48
Episode 66 return: -996.59
Episode 67 return: -845.14
Episode 68 return: -1128.93
Episode 69 return: -573.17
Episode 70 return: -885.10
Episode 71 return: -660.36
Episode 72 return: -627.95
Episode 73 return: -961.64
Episode 74 return: -505.91
Episode 75 return: -463.95
Episode 76 return: -795.27
Episode 77 return: -398.02
Episode 78 return: -446.23
Episode 79 return: -783.68
Episode 80 return: -604.62
Episode 81 return: -641.91
Episode 82 return: -422.74
Episode 83 return: -401.90
Episode 84 return: -477.17
Episode 85 return: -382.34
Episode 86 return: -485.78
Episode 87 return: -472.13
Episode 88 return: -502.74
Episode 89 return: -482.86
Episode 90 return: -962.52
Episode 91 return: -384.88
Episode 92 return: -819.16
Episode 93 return: -408.35
Episode 94 return: -902.29
Episode 95 return: -471.47
Episode 96 return: -460.14
Episode 97 return: -462.13
Episode 98 return: -594.86
Episode 99 return: -1057.55
Episode 100 return: -534.90
Episode 101 return: -542.17
Episode 102 return: -376.93
Episode 103 return: -569.02
Episode 104 return: -384.22
Episode 105 return: -721.41
Episode 106 return: -467.16
Episode 107 return: -851.99
Episode 108 return: -418.53
Episode 109 return: -623.03
Episode 110 return: -582.86
Episode 111 return: -464.06
Episode 112 return: -410.79
Episode 113 return: -424.75
Episode 114 return: -571.03
Episode 115 return: -855.88
Episode 116 return: -491.36
Episode 117 return: -714.33
Episode 118 return: -395.53
Episode 119 return: -497.70
Episode 120 return: -497.02
Episode 121 return: -534.51
Episode 122 return: -837.87
Episode 123 return: -363.75
Episode 124 return: -510.41
Episode 125 return: -464.04
Episode 126 return: -513.47
Episode 127 return: -436.35
Episode 128 return: -388.34
Episode 129 return: -462.11
Episode 130 return: -535.91
Episode 131 return: -654.32
Episode 132 return: -360.03
Episode 133 return: -385.73
Episode 134 return: -359.56
Episode 135 return: -508.07
Episode 136 return: -591.51
Episode 137 return: -514.78
Episode 138 return: -598.75
Episode 139 return: -572.92
Episode 140 return: -665.46
Episode 141 return: -578.96
Episode 142 return: -328.53
Episode 143 return: -763.40
Episode 144 return: -508.97
Episode 145 return: -301.12
Episode 146 return: -496.64
Episode 147 return: -443.90
Episode 148 return: -355.23
Episode 149 return: -562.21
Episode 150 return: -581.22
Episode 151 return: -423.48
Episode 152 return: -349.16
Episode 153 return: -436.64
Episode 154 return: -360.99
Episode 155 return: -294.67
Episode 156 return: -396.07
Episode 157 return: -363.69
Episode 158 return: -549.47
Episode 159 return: -352.81
Episode 160 return: -430.51
Episode 161 return: -423.38
Episode 162 return: -461.69
Episode 163 return: -451.58
Episode 164 return: -609.69
Episode 165 return: -583.98
Episode 166 return: -390.54
Episode 167 return: -381.75
Episode 168 return: -387.57
Episode 169 return: -181.62
Episode 170 return: -137.21
Episode 171 return: -283.56
Episode 172 return: -242.71
Episode 173 return: -143.27
Episode 174 return: -152.43
Episode 175 return: -323.17
Episode 176 return: -226.30
Episode 177 return: -181.51
Episode 178 return: -164.91
Episode 179 return: -112.95
Episode 180 return: -100.10
Episode 181 return: -105.94
Episode 182 return: 4.87
Episode 183 return: -104.52
Episode 184 return: -125.14
Episode 185 return: -110.49
Episode 186 return: -158.33
Episode 187 return: -144.36
Episode 188 return: -176.66
Episode 189 return: -219.46
Episode 190 return: -199.07
Episode 191 return: -166.40
Episode 192 return: -115.09
Episode 193 return: -201.14
Episode 194 return: -135.33
Episode 195 return: -98.62
Episode 196 return: -134.18
Episode 197 return: -228.15
Episode 198 return: -132.38
Episode 199 return: -138.92
Episode 200 return: -263.19
Episode 201 return: -138.16
Episode 202 return: -147.78
Episode 203 return: -134.84
Episode 204 return: -193.52
Episode 205 return: -101.24
Episode 206 return: -130.95
Episode 207 return: -51.12
Episode 208 return: -135.76
Episode 209 return: -136.84
Episode 210 return: -62.17
Episode 211 return: 27.70
Episode 212 return: -17.77
Episode 213 return: -473.04
Episode 214 return: -1216.56
Episode 215 return: -1121.17
Episode 216 return: -907.79
Episode 217 return: -646.77
Episode 218 return: -490.71
Episode 219 return: -104.70
Episode 220 return: -467.61
Episode 221 return: -81.79
Episode 222 return: -13.57
Episode 223 return: 212.71
Episode 224 return: 8.68
Episode 225 return: -238.27
Episode 226 return: 15.34
Episode 227 return: -37.61
Episode 228 return: -222.06
Episode 229 return: 85.28
Episode 230 return: -44.70
Episode 231 return: 263.66
Episode 232 return: -65.86
Episode 233 return: 21.05
Episode 234 return: 180.67
Episode 235 return: -153.84
Episode 236 return: -40.41
Episode 237 return: -46.36
Episode 238 return: -55.21
Episode 239 return: -6.94
Episode 240 return: 207.05
Episode 241 return: 32.98
Episode 242 return: 6.23
Episode 243 return: 239.14
Episode 244 return: 24.94
Episode 245 return: 61.87
Episode 246 return: 51.68
Episode 247 return: 42.36
Episode 248 return: 218.33
Episode 249 return: 211.26
Episode 250 return: 183.72
Episode 251 return: 278.35
Episode 252 return: 279.86
Episode 253 return: 226.79
Episode 254 return: 230.31
Episode 255 return: 133.31
Episode 256 return: 248.10
Episode 257 return: 280.88
Episode 258 return: 250.03
Episode 259 return: 242.44
Episode 260 return: -32.62
Episode 261 return: -127.67
Episode 262 return: -24.95
Episode 263 return: -62.67
Episode 264 return: -182.06
Episode 265 return: -147.30
Episode 266 return: -187.85
Episode 267 return: 108.12
Episode 268 return: -68.68
Episode 269 return: 158.95
Episode 270 return: 173.43
Episode 271 return: -285.79
Episode 272 return: 182.51
Episode 273 return: 213.43
Episode 274 return: 307.52
Episode 275 return: 249.77
Episode 276 return: 260.31
Episode 277 return: 194.97
Episode 278 return: 246.04
Episode 279 return: 211.14
Episode 280 return: 267.76
Episode 281 return: 254.08
Episode 282 return: 168.91
Episode 283 return: 185.33
Episode 284 return: 218.28
Episode 285 return: 213.23
Episode 286 return: -4.65
Episode 287 return: 62.10
Episode 288 return: 255.23
Episode 289 return: 193.50
Episode 290 return: 294.95
Episode 291 return: 203.21
Episode 292 return: -5.62
Episode 293 return: -13.05
Episode 294 return: 15.91
Episode 295 return: 74.09
Episode 296 return: -8.47
Episode 297 return: 23.27
Episode 298 return: 62.74
Episode 299 return: 44.12
Episode 300 return: 47.83

Finished training after 300 episodes.
len(return_logger.episodic_returns):  300
method  PPO 

Episode 1 return: -261.56
Episode 2 return: -376.30
Episode 3 return: -60.93
Episode 4 return: -96.08
Episode 5 return: -417.53
Episode 6 return: -373.54
Episode 7 return: -320.71
Episode 8 return: -166.03
Episode 9 return: -536.07
Episode 10 return: -194.55
Episode 11 return: -5.78
Episode 12 return: -96.16
Episode 13 return: -113.95
Episode 14 return: -239.26
Episode 15 return: -602.84
Episode 16 return: -88.85
Episode 17 return: -525.91
Episode 18 return: -174.55
Episode 19 return: -176.99
Episode 20 return: -57.27
Episode 21 return: -196.37
Episode 22 return: -200.65
Episode 23 return: -18.25
Episode 24 return: -40.42
Episode 25 return: -184.11
Episode 26 return: -610.73
Episode 27 return: -186.13
Episode 28 return: -215.67
Episode 29 return: -333.46
Episode 30 return: -337.55
Episode 31 return: -443.13
Episode 32 return: -375.41
Episode 33 return: -244.31
Episode 34 return: -90.95
Episode 35 return: -459.58
Episode 36 return: -342.00
Episode 37 return: -278.01
Episode 38 return: -498.45
Episode 39 return: -109.97
Episode 40 return: -163.48
Episode 41 return: -54.37
Episode 42 return: -116.90
Episode 43 return: -163.88
Episode 44 return: -198.61
Episode 45 return: -183.52
Episode 46 return: -88.43
Episode 47 return: -199.95
Episode 48 return: -417.02
Episode 49 return: -142.52
Episode 50 return: -66.51
Episode 51 return: -195.72
Episode 52 return: -246.39
Episode 53 return: -51.14
Episode 54 return: -151.72
Episode 55 return: -270.15
Episode 56 return: -190.95
Episode 57 return: -305.17
Episode 58 return: -172.39
Episode 59 return: -182.07
Episode 60 return: -244.36
Episode 61 return: -342.78
Episode 62 return: -40.41
Episode 63 return: -373.74
Episode 64 return: -103.15
Episode 65 return: -47.17
Episode 66 return: -24.41
Episode 67 return: -265.52
Episode 68 return: -50.84
Episode 69 return: -92.71
Episode 70 return: -154.30
Episode 71 return: -78.38
Episode 72 return: -57.15
Episode 73 return: -210.89
Episode 74 return: -170.64
Episode 75 return: -199.79
Episode 76 return: -321.88
Episode 77 return: -84.33
Episode 78 return: -99.85
Episode 79 return: -276.26
Episode 80 return: -108.19
Episode 81 return: -357.78
Episode 82 return: -319.41
Episode 83 return: -83.11
Episode 84 return: -89.53
Episode 85 return: -73.74
Episode 86 return: -267.82
Episode 87 return: -271.08
Episode 88 return: -103.02
Episode 89 return: -160.75
Episode 90 return: -61.54
Episode 91 return: -378.71
Episode 92 return: -102.50
Episode 93 return: -345.18
Episode 94 return: -33.29
Episode 95 return: -167.79
Episode 96 return: -209.12
Episode 97 return: -106.87
Episode 98 return: -237.17
Episode 99 return: -96.58
Episode 100 return: -257.54
Episode 101 return: -94.00
Episode 102 return: -219.83
Episode 103 return: -304.07
Episode 104 return: -276.09
Episode 105 return: -76.00
Episode 106 return: -68.15
Episode 107 return: -302.11
Episode 108 return: -138.28
Episode 109 return: 25.37
Episode 110 return: -157.41
Episode 111 return: -314.78
Episode 112 return: -162.89
Episode 113 return: -345.47
Episode 114 return: -237.03
Episode 115 return: -78.69
Episode 116 return: -259.85
Episode 117 return: -30.68
Episode 118 return: -151.83
Episode 119 return: -241.89
Episode 120 return: -99.77
Episode 121 return: -286.22
Episode 122 return: -393.94
Episode 123 return: -123.39
Episode 124 return: -144.17
Episode 125 return: -283.10
Episode 126 return: -79.49
Episode 127 return: -79.83
Episode 128 return: -418.96
Episode 129 return: -216.73
Episode 130 return: -252.19
Episode 131 return: -81.09
Episode 132 return: -124.78
Episode 133 return: -233.05
Episode 134 return: -25.39
Episode 135 return: -220.52
Episode 136 return: -104.00
Episode 137 return: -39.19
Episode 138 return: -50.02
Episode 139 return: -211.54
Episode 140 return: -283.47
Episode 141 return: -251.35
Episode 142 return: -72.22
Episode 143 return: -83.29
Episode 144 return: -81.78
Episode 145 return: -83.06
Episode 146 return: -98.09
Episode 147 return: -141.81
Episode 148 return: 16.02
Episode 149 return: -70.24
Episode 150 return: -230.20
Episode 151 return: -133.62
Episode 152 return: -297.96
Episode 153 return: -393.19
Episode 154 return: -359.48
Episode 155 return: -10.16
Episode 156 return: -36.07
Episode 157 return: -94.54
Episode 158 return: -85.00
Episode 159 return: -226.54
Episode 160 return: -22.82
Episode 161 return: -76.44
Episode 162 return: -117.20
Episode 163 return: -162.75
Episode 164 return: -246.61
Episode 165 return: -314.25
Episode 166 return: -182.34
Episode 167 return: -4.14
Episode 168 return: -29.42
Episode 169 return: -149.28
Episode 170 return: -265.48
Episode 171 return: -335.71
Episode 172 return: -151.98
Episode 173 return: -37.02
Episode 174 return: -386.18
Episode 175 return: -142.04
Episode 176 return: -83.42
Episode 177 return: -376.59
Episode 178 return: -52.49
Episode 179 return: -44.68
Episode 180 return: -133.46
Episode 181 return: -225.64
Episode 182 return: -38.79
Episode 183 return: -308.36
Episode 184 return: -22.43
Episode 185 return: -2.66
Episode 186 return: -69.98
Episode 187 return: -176.98
Episode 188 return: -123.55
Episode 189 return: -108.45
Episode 190 return: -40.00
Episode 191 return: -54.55
Episode 192 return: -62.75
Episode 193 return: -77.12
Episode 194 return: -105.13
Episode 195 return: -185.98
Episode 196 return: -125.83
Episode 197 return: -56.77
Episode 198 return: -180.11
Episode 199 return: -35.08
Episode 200 return: 14.10
Episode 201 return: -85.67
Episode 202 return: -23.80
Episode 203 return: -302.76
Episode 204 return: 6.52
Episode 205 return: -42.34
Episode 206 return: -142.10
Episode 207 return: -37.30
Episode 208 return: -85.47
Episode 209 return: 19.85
Episode 210 return: -18.83
Episode 211 return: -34.98
Episode 212 return: 46.97
Episode 213 return: -106.78
Episode 214 return: -121.70
Episode 215 return: 1.02
Episode 216 return: -65.56
Episode 217 return: -269.08
Episode 218 return: -19.45
Episode 219 return: 34.25
Episode 220 return: -172.43
Episode 221 return: 51.15
Episode 222 return: 8.71
Episode 223 return: 11.82
Episode 224 return: -29.82
Episode 225 return: -77.71
Episode 226 return: -4.76
Episode 227 return: -121.95
Episode 228 return: -15.89
Episode 229 return: 30.98
Episode 230 return: -61.01
Episode 231 return: 1.55
Episode 232 return: -32.98
Episode 233 return: 1.53
Episode 234 return: 16.53
Episode 235 return: -39.20
Episode 236 return: -39.92
Episode 237 return: -26.40
Episode 238 return: 41.25
Episode 239 return: -34.81
Episode 240 return: 5.80
Episode 241 return: 35.27
Episode 242 return: -8.74
Episode 243 return: -25.51
Episode 244 return: -55.82
Episode 245 return: 35.66
Episode 246 return: -28.85
Episode 247 return: -49.48
Episode 248 return: -35.36
Episode 249 return: -19.12
Episode 250 return: -22.21
Episode 251 return: -35.69
Episode 252 return: -21.02
Episode 253 return: 39.35
Episode 254 return: 25.53
Episode 255 return: -39.98
Episode 256 return: -118.82
Episode 257 return: -59.87
Episode 258 return: -17.26
Episode 259 return: -21.12
Episode 260 return: -48.22
Episode 261 return: -36.18
Episode 262 return: 58.83
Episode 263 return: -1.20
Episode 264 return: 9.31
Episode 265 return: -168.32
Episode 266 return: -36.92
Episode 267 return: -0.62
Episode 268 return: 49.67
Episode 269 return: -7.70
Episode 270 return: -208.88
Episode 271 return: -193.08
Episode 272 return: -23.79
Episode 273 return: -15.95
Episode 274 return: -34.69
Episode 275 return: -19.85
Episode 276 return: 49.09
Episode 277 return: 14.99
Episode 278 return: 25.47
Episode 279 return: 1.79
Episode 280 return: -20.44
Episode 281 return: -13.47
Episode 282 return: 19.76
Episode 283 return: 72.78
Episode 284 return: 96.16
Episode 285 return: 82.87
Episode 286 return: -136.80
Episode 287 return: -156.20
Episode 288 return: 38.72
Episode 289 return: -38.19
Episode 290 return: -33.67
Episode 291 return: 56.17
Episode 292 return: -2.95
Episode 293 return: 85.95
Episode 294 return: -36.16
Episode 295 return: 109.45
Episode 296 return: -94.34
Episode 297 return: -25.75
Episode 298 return: 77.68
Episode 299 return: -10.70
Episode 300 return: -1.73

Finished training after 300 episodes.
len(return_logger.episodic_returns):  300
method  PPO 

Episode 1 return: -296.10
Episode 2 return: 50.09
Episode 3 return: -305.93
Episode 4 return: -376.92
Episode 5 return: -63.03
Episode 6 return: -463.00
Episode 7 return: -426.25
Episode 8 return: -275.72
Episode 9 return: -172.00
Episode 10 return: -226.31
Episode 11 return: -88.57
Episode 12 return: -162.15
Episode 13 return: -54.03
Episode 14 return: -23.43
Episode 15 return: -71.62
Episode 16 return: -300.93
Episode 17 return: -262.74
Episode 18 return: -185.21
Episode 19 return: -187.92
Episode 20 return: -401.03
Episode 21 return: -321.33
Episode 22 return: -117.76
Episode 23 return: -291.06
Episode 24 return: -241.14
Episode 25 return: -100.02
Episode 26 return: -300.98
Episode 27 return: -314.02
Episode 28 return: -116.67
Episode 29 return: -95.88
Episode 30 return: -464.50
Episode 31 return: -136.62
Episode 32 return: -233.05
Episode 33 return: -150.10
Episode 34 return: -169.69
Episode 35 return: -226.16
Episode 36 return: -286.91
Episode 37 return: -376.52
Episode 38 return: -74.73
Episode 39 return: -279.55
Episode 40 return: -350.28
Episode 41 return: -326.31
Episode 42 return: -52.24
Episode 43 return: -137.75
Episode 44 return: -236.43
Episode 45 return: -363.01
Episode 46 return: -79.55
Episode 47 return: -283.46
Episode 48 return: -462.65
Episode 49 return: -285.43
Episode 50 return: -71.58
Episode 51 return: -94.70
Episode 52 return: -64.82
Episode 53 return: -325.94
Episode 54 return: -83.89
Episode 55 return: -311.84
Episode 56 return: -261.81
Episode 57 return: -198.71
Episode 58 return: -246.01
Episode 59 return: -152.04
Episode 60 return: -219.80
Episode 61 return: -106.03
Episode 62 return: -224.06
Episode 63 return: -296.70
Episode 64 return: -100.04
Episode 65 return: -487.78
Episode 66 return: -202.62
Episode 67 return: -319.47
Episode 68 return: -156.29
Episode 69 return: -173.28
Episode 70 return: -104.07
Episode 71 return: -349.18
Episode 72 return: -227.33
Episode 73 return: -233.64
Episode 74 return: -91.11
Episode 75 return: -237.29
Episode 76 return: -355.91
Episode 77 return: -47.74
Episode 78 return: -23.73
Episode 79 return: -179.86
Episode 80 return: -283.33
Episode 81 return: -399.32
Episode 82 return: -54.29
Episode 83 return: -84.45
Episode 84 return: -359.84
Episode 85 return: -231.97
Episode 86 return: -226.92
Episode 87 return: -98.31
Episode 88 return: -181.79
Episode 89 return: -65.04
Episode 90 return: -264.07
Episode 91 return: -187.88
Episode 92 return: -159.30
Episode 93 return: -187.61
Episode 94 return: -53.68
Episode 95 return: -166.83
Episode 96 return: -312.50
Episode 97 return: -94.06
Episode 98 return: -101.41
Episode 99 return: -486.57
Episode 100 return: -78.84
Episode 101 return: -158.72
Episode 102 return: -56.43
Episode 103 return: -320.48
Episode 104 return: -72.77
Episode 105 return: -282.68
Episode 106 return: -216.06
Episode 107 return: -99.87
Episode 108 return: -88.18
Episode 109 return: -177.10
Episode 110 return: -81.20
Episode 111 return: -305.78
Episode 112 return: -174.04
Episode 113 return: 9.58
Episode 114 return: -62.00
Episode 115 return: -62.82
Episode 116 return: -316.36
Episode 117 return: -248.89
Episode 118 return: -247.32
Episode 119 return: -175.92
Episode 120 return: -264.03
Episode 121 return: -196.02
Episode 122 return: -18.58
Episode 123 return: -133.84
Episode 124 return: -123.94
Episode 125 return: -91.00
Episode 126 return: -99.07
Episode 127 return: -164.59
Episode 128 return: -281.21
Episode 129 return: -133.72
Episode 130 return: -132.11
Episode 131 return: -192.11
Episode 132 return: -194.53
Episode 133 return: -30.42
Episode 134 return: -231.86
Episode 135 return: -226.02
Episode 136 return: -253.34
Episode 137 return: -65.99
Episode 138 return: -137.35
Episode 139 return: -204.82
Episode 140 return: -69.24
Episode 141 return: -44.92
Episode 142 return: -46.36
Episode 143 return: -269.76
Episode 144 return: -284.87
Episode 145 return: -72.46
Episode 146 return: -254.84
Episode 147 return: -315.98
Episode 148 return: -118.27
Episode 149 return: -79.55
Episode 150 return: 1.96
Episode 151 return: -178.61
Episode 152 return: -114.36
Episode 153 return: -72.14
Episode 154 return: -72.12
Episode 155 return: -96.44
Episode 156 return: -46.68
Episode 157 return: -36.90
Episode 158 return: -99.75
Episode 159 return: -80.31
Episode 160 return: -146.23
Episode 161 return: -271.04
Episode 162 return: -212.95
Episode 163 return: -190.10
Episode 164 return: -41.99
Episode 165 return: -298.26
Episode 166 return: -31.90
Episode 167 return: -174.67
Episode 168 return: -266.41
Episode 169 return: -90.52
Episode 170 return: -11.92
Episode 171 return: -101.33
Episode 172 return: -51.96
Episode 173 return: -189.21
Episode 174 return: -201.10
Episode 175 return: -92.74
Episode 176 return: -143.44
Episode 177 return: -140.86
Episode 178 return: -201.87
Episode 179 return: -104.88
Episode 180 return: -74.66
Episode 181 return: -142.07
Episode 182 return: -114.82
Episode 183 return: -216.89
Episode 184 return: -68.87
Episode 185 return: -77.07
Episode 186 return: -139.28
Episode 187 return: -75.99
Episode 188 return: -82.95
Episode 189 return: -47.61
Episode 190 return: -206.79
Episode 191 return: -72.59
Episode 192 return: -54.56
Episode 193 return: -36.81
Episode 194 return: -35.32
Episode 195 return: -66.11
Episode 196 return: -263.96
Episode 197 return: -91.53
Episode 198 return: -252.52
Episode 199 return: -28.45
Episode 200 return: -15.91
Episode 201 return: -95.46
Episode 202 return: -205.11
Episode 203 return: -162.29
Episode 204 return: -22.54
Episode 205 return: -92.72
Episode 206 return: -79.01
Episode 207 return: -54.78
Episode 208 return: -69.00
Episode 209 return: -58.61
Episode 210 return: -51.16
Episode 211 return: -118.59
Episode 212 return: -22.95
Episode 213 return: 31.65
Episode 214 return: 8.40
Episode 215 return: 20.39
Episode 216 return: -14.85
Episode 217 return: -16.60
Episode 218 return: -63.05
Episode 219 return: -3.69
Episode 220 return: -57.28
Episode 221 return: -251.58
Episode 222 return: -164.26
Episode 223 return: -40.44
Episode 224 return: -42.38
Episode 225 return: -19.30
Episode 226 return: -110.49
Episode 227 return: -119.40
Episode 228 return: -70.64
Episode 229 return: -42.46
Episode 230 return: -29.66
Episode 231 return: -89.93
Episode 232 return: -19.15
Episode 233 return: -18.93
Episode 234 return: -12.87
Episode 235 return: -83.39
Episode 236 return: -127.97
Episode 237 return: -13.38
Episode 238 return: -32.59
Episode 239 return: -114.93
Episode 240 return: -31.10
Episode 241 return: -22.65
Episode 242 return: -49.19
Episode 243 return: -30.99
Episode 244 return: -31.68
Episode 245 return: -4.21
Episode 246 return: -86.94
Episode 247 return: -26.39
Episode 248 return: 1.26
Episode 249 return: -9.87
Episode 250 return: -77.01
Episode 251 return: -30.53
Episode 252 return: -60.30
Episode 253 return: 5.18
Episode 254 return: -36.58
Episode 255 return: 3.13
Episode 256 return: 51.15
Episode 257 return: -22.11
Episode 258 return: -49.02
Episode 259 return: -25.62
Episode 260 return: 10.03
Episode 261 return: 19.05
Episode 262 return: 11.90
Episode 263 return: -10.42
Episode 264 return: 22.04
Episode 265 return: -47.48
Episode 266 return: 19.51
Episode 267 return: -351.02
Episode 268 return: -22.46
Episode 269 return: -9.56
Episode 270 return: -248.98
Episode 271 return: -27.13
Episode 272 return: 8.34
Episode 273 return: -51.14
Episode 274 return: -82.66
Episode 275 return: 38.14
Episode 276 return: 47.75
Episode 277 return: 16.50
Episode 278 return: 36.90
Episode 279 return: -15.86
Episode 280 return: 16.50
Episode 281 return: -10.72
Episode 282 return: 37.46
Episode 283 return: 13.20
Episode 284 return: 36.22
Episode 285 return: -151.83
Episode 286 return: 38.02
Episode 287 return: 56.04
Episode 288 return: 9.09
Episode 289 return: 0.23
Episode 290 return: -18.32
Episode 291 return: 59.29
Episode 292 return: 60.89
Episode 293 return: -205.23
Episode 294 return: -92.22
Episode 295 return: -30.05
Episode 296 return: -81.65
Episode 297 return: -235.93
Episode 298 return: -45.52
Episode 299 return: -65.87
Episode 300 return: -17.18

Finished training after 300 episodes.
len(return_logger.episodic_returns):  300
method  PPO 

Episode 1 return: -404.56
Episode 2 return: -403.34
Episode 3 return: -150.08
Episode 4 return: -164.16
Episode 5 return: -265.51
Episode 6 return: -56.56
Episode 7 return: -231.80
Episode 8 return: -324.69
Episode 9 return: -413.69
Episode 10 return: -346.13
Episode 11 return: -284.78
Episode 12 return: -299.04
Episode 13 return: -236.34
Episode 14 return: -232.16
Episode 15 return: -504.52
Episode 16 return: -156.64
Episode 17 return: -366.72
Episode 18 return: -329.07
Episode 19 return: -121.98
Episode 20 return: -215.91
Episode 21 return: -272.27
Episode 22 return: -79.27
Episode 23 return: -161.12
Episode 24 return: -317.21
Episode 25 return: -221.19
Episode 26 return: -297.34
Episode 27 return: -144.45
Episode 28 return: -244.48
Episode 29 return: -169.87
Episode 30 return: -79.64
Episode 31 return: -54.38
Episode 32 return: -108.42
Episode 33 return: -71.78
Episode 34 return: -93.84
Episode 35 return: -117.43
Episode 36 return: -441.46
Episode 37 return: -89.47
Episode 38 return: -178.85
Episode 39 return: -111.74
Episode 40 return: 22.37
Episode 41 return: -86.45
Episode 42 return: -159.83
Episode 43 return: -363.92
Episode 44 return: -260.42
Episode 45 return: -85.04
Episode 46 return: -189.96
Episode 47 return: -78.51
Episode 48 return: -200.54
Episode 49 return: -69.80
Episode 50 return: -430.39
Episode 51 return: -348.42
Episode 52 return: -155.06
Episode 53 return: -325.96
Episode 54 return: -193.70
Episode 55 return: -168.05
Episode 56 return: -89.44
Episode 57 return: -42.50
Episode 58 return: -150.26
Episode 59 return: -61.99
Episode 60 return: -94.24
Episode 61 return: -97.22
Episode 62 return: -97.82
Episode 63 return: -168.36
Episode 64 return: -256.12
Episode 65 return: -18.83
Episode 66 return: -107.58
Episode 67 return: -359.16
Episode 68 return: -244.77
Episode 69 return: -90.34
Episode 70 return: -521.77
Episode 71 return: -189.94
Episode 72 return: -370.83
Episode 73 return: -115.95
Episode 74 return: -238.13
Episode 75 return: -177.33
Episode 76 return: -371.48
Episode 77 return: -104.06
Episode 78 return: -98.47
Episode 79 return: -319.24
Episode 80 return: -60.13
Episode 81 return: -320.16
Episode 82 return: -86.33
Episode 83 return: -250.15
Episode 84 return: -159.96
Episode 85 return: -163.25
Episode 86 return: -382.32
Episode 87 return: -263.56
Episode 88 return: -39.07
Episode 89 return: -149.87
Episode 90 return: -377.61
Episode 91 return: -293.51
Episode 92 return: -135.21
Episode 93 return: -155.02
Episode 94 return: -236.98
Episode 95 return: -253.38
Episode 96 return: -217.67
Episode 97 return: -14.44
Episode 98 return: -251.74
Episode 99 return: -163.14
Episode 100 return: -195.62
Episode 101 return: -86.54
Episode 102 return: -97.50
Episode 103 return: -91.53
Episode 104 return: -103.70
Episode 105 return: -133.63
Episode 106 return: -233.59
Episode 107 return: -307.37
Episode 108 return: -93.24
Episode 109 return: -201.15
Episode 110 return: -260.59
Episode 111 return: -324.42
Episode 112 return: -80.45
Episode 113 return: -240.92
Episode 114 return: -76.56
Episode 115 return: -39.45
Episode 116 return: -99.79
Episode 117 return: -217.02
Episode 118 return: -42.16
Episode 119 return: -214.38
Episode 120 return: -54.62
Episode 121 return: -345.99
Episode 122 return: -180.82
Episode 123 return: -445.99
Episode 124 return: -392.74
Episode 125 return: -200.76
Episode 126 return: -40.12
Episode 127 return: -167.63
Episode 128 return: -108.38
Episode 129 return: -213.44
Episode 130 return: -97.23
Episode 131 return: -126.82
Episode 132 return: -267.43
Episode 133 return: -60.50
Episode 134 return: -274.80
Episode 135 return: -55.79
Episode 136 return: -193.67
Episode 137 return: -75.11
Episode 138 return: -262.22
Episode 139 return: -115.25
Episode 140 return: -173.83
Episode 141 return: -127.30
Episode 142 return: -30.34
Episode 143 return: -304.95
Episode 144 return: -10.62
Episode 145 return: -438.65
Episode 146 return: -112.20
Episode 147 return: -51.88
Episode 148 return: -216.49
Episode 149 return: -105.12
Episode 150 return: -201.11
Episode 151 return: -68.84
Episode 152 return: 24.37
Episode 153 return: -304.54
Episode 154 return: -336.47
Episode 155 return: -150.64
Episode 156 return: -107.73
Episode 157 return: -292.55
Episode 158 return: -298.98
Episode 159 return: -248.16
Episode 160 return: -144.00
Episode 161 return: -178.80
Episode 162 return: -102.44
Episode 163 return: -16.23
Episode 164 return: -133.06
Episode 165 return: -64.12
Episode 166 return: -302.69
Episode 167 return: -273.12
Episode 168 return: -49.78
Episode 169 return: -236.63
Episode 170 return: -65.30
Episode 171 return: -96.65
Episode 172 return: -112.98
Episode 173 return: -82.60
Episode 174 return: -157.07
Episode 175 return: -103.20
Episode 176 return: -51.85
Episode 177 return: -53.85
Episode 178 return: -258.75
Episode 179 return: -141.21
Episode 180 return: -131.70
Episode 181 return: -249.93
Episode 182 return: -157.42
Episode 183 return: -49.94
Episode 184 return: -93.92
Episode 185 return: -188.63
Episode 186 return: -92.03
Episode 187 return: -230.89
Episode 188 return: -317.66
Episode 189 return: -62.76
Episode 190 return: -232.38
Episode 191 return: -76.06
Episode 192 return: -69.16
Episode 193 return: -84.06
Episode 194 return: -163.87
Episode 195 return: -91.44
Episode 196 return: -312.66
Episode 197 return: -102.87
Episode 198 return: 28.99
Episode 199 return: -81.03
Episode 200 return: -91.69
Episode 201 return: -80.13
Episode 202 return: -101.31
Episode 203 return: -194.68
Episode 204 return: -171.86
Episode 205 return: -181.28
Episode 206 return: -30.79
Episode 207 return: -137.70
Episode 208 return: -51.34
Episode 209 return: -117.66
Episode 210 return: -109.25
Episode 211 return: 0.10
Episode 212 return: -82.18
Episode 213 return: -117.99
Episode 214 return: -72.77
Episode 215 return: -71.85
Episode 216 return: -3.70
Episode 217 return: -57.89
Episode 218 return: -9.21
Episode 219 return: -64.07
Episode 220 return: -222.77
Episode 221 return: -142.33
Episode 222 return: -80.14
Episode 223 return: -17.33
Episode 224 return: -71.86
Episode 225 return: -56.90
Episode 226 return: -185.54
Episode 227 return: -264.91
Episode 228 return: -110.53
Episode 229 return: -117.85
Episode 230 return: -84.62
Episode 231 return: -55.30
Episode 232 return: -70.60
Episode 233 return: -48.01
Episode 234 return: -73.41
Episode 235 return: -48.77
Episode 236 return: -153.47
Episode 237 return: -95.67
Episode 238 return: -114.21
Episode 239 return: -74.92
Episode 240 return: -34.18
Episode 241 return: -0.68
Episode 242 return: -109.55
Episode 243 return: -1.20
Episode 244 return: -189.32
Episode 245 return: -47.33
Episode 246 return: -55.02
Episode 247 return: -114.48
Episode 248 return: -26.82
Episode 249 return: -53.54
Episode 250 return: -111.46
Episode 251 return: -22.51
Episode 252 return: -189.46
Episode 253 return: -112.19
Episode 254 return: -95.55
Episode 255 return: -27.44
Episode 256 return: -25.15
Episode 257 return: -10.70
Episode 258 return: -110.05
Episode 259 return: -81.84
Episode 260 return: -4.09
Episode 261 return: -72.36
Episode 262 return: -73.18
Episode 263 return: -12.07
Episode 264 return: -51.46
Episode 265 return: -93.17
Episode 266 return: -32.36
Episode 267 return: -59.07
Episode 268 return: -26.07
Episode 269 return: -44.83
Episode 270 return: -28.41
Episode 271 return: -32.49
Episode 272 return: -26.08
Episode 273 return: -67.36
Episode 274 return: -237.66
Episode 275 return: -27.51
Episode 276 return: -104.54
Episode 277 return: -130.69
Episode 278 return: -91.74
Episode 279 return: -171.15
Episode 280 return: -39.21
Episode 281 return: -72.05
Episode 282 return: -290.59
Episode 283 return: -278.71
Episode 284 return: -35.18
Episode 285 return: -61.53
Episode 286 return: -63.91
Episode 287 return: -56.57
Episode 288 return: -60.75
Episode 289 return: -61.24
Episode 290 return: -76.86
Episode 291 return: -158.49
Episode 292 return: -104.53
Episode 293 return: -72.79
Episode 294 return: -105.87
Episode 295 return: -31.93
Episode 296 return: 1.75
Episode 297 return: -79.56
Episode 298 return: -39.60
Episode 299 return: -114.08
Episode 300 return: -77.32

Finished training after 300 episodes.
len(return_logger.episodic_returns):  300
Traceback (most recent call last):
  File "/lustre06/project/6086407/nileb3/QRNN-MPC/sb3/run_LLC.py", line 25, in <module>
    run(env_seeds, prob, "DDPG", steps_per_episode, max_episodes)
  File "/lustre06/project/6086407/nileb3/QRNN-MPC/sb3/funcs_June27.py", line 389, in run
    model = DDPG(policy="MlpPolicy", env=env, buffer_size=200000, gamma=0.98, gradient_steps=-1, learning_rate=0.001, policy_kwargs=dict(net_arch=[400,300]), train_freq=[1,'episode']) # no learning_starts, no noise_std nor noise_type parameters, no normalize parameter
            ^^^^^^^^^^^^^^^^^^^^^^^^^^^^^^^^^^^^^^^^^^^^^^^^^^^^^^^^^^^^^^^^^^^^^^^^^^^^^^^^^^^^^^^^^^^^^^^^^^^^^^^^^^^^^^^^^^^^^^^^^^^^^^^^^^^^^^^^^^^^^^^^^^^^^^^^^^^^^^^^^^^^^^^^^^^
  File "/home/nileb3/myenv/lib/python3.11/site-packages/stable_baselines3/ddpg/ddpg.py", line 112, in __init__
    self._setup_model()
  File "/home/nileb3/myenv/lib/python3.11/site-packages/stable_baselines3/td3/td3.py", line 140, in _setup_model
    super()._setup_model()
  File "/home/nileb3/myenv/lib/python3.11/site-packages/stable_baselines3/common/off_policy_algorithm.py", line 208, in _setup_model
    self._convert_train_freq()
  File "/home/nileb3/myenv/lib/python3.11/site-packages/stable_baselines3/common/off_policy_algorithm.py", line 168, in _convert_train_freq
    raise ValueError(f"The frequency of `train_freq` must be an integer and not {train_freq[0]}")
ValueError: The frequency of `train_freq` must be an integer and not [1, 'episode']
