The following modules were not unloaded:
  (Use "module --force purge" to unload all):

  1) CCconfig        6)  ucx/1.14.1         11) flexiblas/3.3.1
  2) gentoo/2023     7)  libfabric/1.18.0   12) blis/0.9.0
  3) gcccore/.12.3   8)  pmix/4.2.4         13) StdEnv/2023
  4) gcc/12.3        9)  ucc/1.2.0
  5) hwloc/2.9.1     10) openmpi/4.1.5
Traceback (most recent call last):
  File "/lustre06/project/6086407/nileb3/QRNN-MPC/sb3/run_CPC.py", line 20, in <module>
    run(env_seeds, prob, "A2C", steps_per_episode, max_episodes)
  File "/lustre06/project/6086407/nileb3/QRNN-MPC/sb3/funcs.py", line 252, in run
    model.train()  # or collect experience
    ^^^^^^^^^^^^^
  File "/home/nileb3/myenv/lib/python3.11/site-packages/stable_baselines3/a2c/a2c.py", line 141, in train
    self._update_learning_rate(self.policy.optimizer)
  File "/home/nileb3/myenv/lib/python3.11/site-packages/stable_baselines3/common/base_class.py", line 296, in _update_learning_rate
    self.logger.record("train/learning_rate", self.lr_schedule(self._current_progress_remaining))
    ^^^^^^^^^^^
  File "/home/nileb3/myenv/lib/python3.11/site-packages/stable_baselines3/common/base_class.py", line 272, in logger
    return self._logger
           ^^^^^^^^^^^^
AttributeError: 'A2C' object has no attribute '_logger'. Did you mean: 'logger'?
