The following modules were not unloaded:
  (Use "module --force purge" to unload all):

  1) CCconfig        6)  ucx/1.14.1         11) flexiblas/3.3.1
  2) gentoo/2023     7)  libfabric/1.18.0   12) blis/0.9.0
  3) gcccore/.12.3   8)  pmix/4.2.4         13) StdEnv/2023
  4) gcc/12.3        9)  ucc/1.2.0
  5) hwloc/2.9.1     10) openmpi/4.1.5
/home/nileb3/myenv/lib/python3.11/site-packages/gymnasium/envs/registration.py:519: DeprecationWarning: [33mWARN: The environment LunarLander-v2 is out of date. You should consider upgrading to version `v3`.[0m
  logger.deprecation(
Traceback (most recent call last):
  File "/lustre06/project/6086407/nileb3/QRNN-MPC/sb3/run_LL.py", line 21, in <module>
    run(env_seeds, prob, "A2C", steps_per_episode, max_episodes)
  File "/lustre06/project/6086407/nileb3/QRNN-MPC/sb3/funcs_June27.py", line 315, in run
    env = gym.make("LunarLander-v2", render_mode="rgb_array")
          ^^^^^^^^^^^^^^^^^^^^^^^^^^^^^^^^^^^^^^^^^^^^^^^^^^^
  File "/home/nileb3/myenv/lib/python3.11/site-packages/gymnasium/envs/registration.py", line 689, in make
    env_spec = _find_spec(id)
               ^^^^^^^^^^^^^^
  File "/home/nileb3/myenv/lib/python3.11/site-packages/gymnasium/envs/registration.py", line 533, in _find_spec
    _check_version_exists(ns, name, version)
  File "/home/nileb3/myenv/lib/python3.11/site-packages/gymnasium/envs/registration.py", line 433, in _check_version_exists
    raise error.DeprecatedEnv(
gymnasium.error.DeprecatedEnv: Environment version v2 for `LunarLander` is deprecated. Please use `LunarLander-v3` instead.
