The following modules were not unloaded:
  (Use "module --force purge" to unload all):

  1) CCconfig        6)  ucx/1.14.1         11) flexiblas/3.3.1
  2) gentoo/2023     7)  libfabric/1.18.0   12) imkl/2023.2.0
  3) gcccore/.12.3   8)  pmix/4.2.4         13) StdEnv/2023
  4) gcc/12.3        9)  ucc/1.2.0
  5) hwloc/2.9.1     10) openmpi/4.1.5
bootstrapping finished 

Traceback (most recent call last):
  File "/project/6086407/nileb3/QRNN-MPC/New Files July 23/cem/MuJoCoPusher_approximate_continuous.py", line 156, in <module>
    total_reward, data = cem.run_cem(ctrl, seed, env, train, iter=max_steps, render=False) # mppi.run_mppi(mppi_gym, seed, env, train, iter=max_episodes, render=False)
                         ^^^^^^^^^^^^^^^^^^^^^^^^^^^^^^^^^^^^^^^^^^^^^^^^^^^^^^^^^^^^^^^^^
  File "/project/6086407/nileb3/QRNN-MPC/New Files July 23/cem/pytorch_cem/cem.py", line 201, in run_cem
    action = cem.command(state, choose_best=choose_best)
             ^^^^^^^^^^^^^^^^^^^^^^^^^^^^^^^^^^^^^^^^^^^
  File "/project/6086407/nileb3/QRNN-MPC/New Files July 23/cem/pytorch_cem/cem.py", line 167, in command
    top_samples = self._sample_top_trajectories(state, self.num_elite)
                  ^^^^^^^^^^^^^^^^^^^^^^^^^^^^^^^^^^^^^^^^^^^^^^^^^^^^
  File "/project/6086407/nileb3/QRNN-MPC/New Files July 23/cem/pytorch_cem/cem.py", line 153, in _sample_top_trajectories
    cost_total = self._evaluate_trajectories(samples, state)
                 ^^^^^^^^^^^^^^^^^^^^^^^^^^^^^^^^^^^^^^^^^^^
  File "/project/6086407/nileb3/QRNN-MPC/New Files July 23/cem/pytorch_cem/cem.py", line 140, in _evaluate_trajectories
    cost_total += self.running_cost(state, u, self.T, t)
                  ^^^^^^^^^^^^^^^^^^^^^^^^^^^^^^^^^^^^^^
  File "/project/6086407/nileb3/QRNN-MPC/New Files July 23/cem/MuJoCoPusher_approximate_continuous.py", line 60, in running_cost
    cost = torch.norm(state[:, 14:17]-state[:, 17:20], dim=1)+torch.norm(state[:, 17:20]-state[:, 20:], dim=1)+0.1*(torch.norm(actions, dim=1))**2
                                                                                                                               ^^^^^^^
NameError: name 'actions' is not defined. Did you mean: 'action'?
