The following modules were not unloaded:
  (Use "module --force purge" to unload all):

  1) CCconfig        6)  ucx/1.14.1         11) flexiblas/3.3.1
  2) gentoo/2023     7)  libfabric/1.18.0   12) imkl/2023.2.0
  3) gcccore/.12.3   8)  pmix/4.2.4         13) StdEnv/2023
  4) gcc/12.3        9)  ucc/1.2.0
  5) hwloc/2.9.1     10) openmpi/4.1.5
Traceback (most recent call last):
  File "/project/6086407/nileb3/QRNN-MPC/ilqr/InvertedPendulum.py", line 117, in <module>
    xs, us, cost_trace = controller.fit(x0, us_init, copy_env)
                         ^^^^^^^^^^^^^^^^^^^^^^^^^^^^^^^^^^^^^
  File "/project/6086407/nileb3/QRNN-MPC/ilqr/ilqr/controller.py", line 34, in fit
    return run_ilqr(self.dynamics.f, self.dynamics.f_prime, self.cost.L,
           ^^^^^^^^^^^^^^^^^^^^^^^^^^^^^^^^^^^^^^^^^^^^^^^^^^^^^^^^^^^^^
  File "/home/nileb3/myenv/lib/python3.11/site-packages/numba/core/dispatcher.py", line 424, in _compile_for_args
    error_rewrite(e, 'typing')
  File "/home/nileb3/myenv/lib/python3.11/site-packages/numba/core/dispatcher.py", line 365, in error_rewrite
    raise e.with_traceback(None)
numba.core.errors.TypingError: Failed in nopython mode pipeline (step: nopython frontend)
[1m[1m[1mnon-precise type pyobject[0m
[0m[1mDuring: typing of argument at /project/6086407/nileb3/QRNN-MPC/ilqr/ilqr/controller.py (81)[0m
[1m
File "ilqr/controller.py", line 81:[0m
[1m    def control(self, x0, maxiters = 50, early_stop = True):
        <source elided>

[1m@numba.njit
[0m[1m^[0m[0m

[0m[1mDuring: Pass nopython_type_inference[0m 

This error may have been caused by the following argument(s):
- argument 8: [1mCannot determine Numba type of <class 'gymnasium.wrappers.common.TimeLimit'>[0m

