The following modules were not unloaded:
  (Use "module --force purge" to unload all):

  1) CCconfig        6)  ucx/1.14.1         11) flexiblas/3.3.1
  2) gentoo/2023     7)  libfabric/1.18.0   12) blis/0.9.0
  3) gcccore/.12.3   8)  pmix/4.2.4         13) StdEnv/2023
  4) gcc/12.3        9)  ucc/1.2.0
  5) hwloc/2.9.1     10) openmpi/4.1.5
prob  LunarLander 

all methods 

Traceback (most recent call last):
  File "/lustre06/project/6086407/nileb3/QRNN-MPC/Files/run_LL_Q_AS_ba.py", line 77, in <module>
    episode_rep_rewards_MPC_PF_QRNN_WithASGNN_mid, mean_episode_rep_rewards_MPC_PF_QRNN_WithASGNN_mid, std_episode_rep_rewards_MPC_PF_QRNN_WithASGNN_mid = main_QRNN_MPC(prob_vars, method_name, model_QRNN, replay_buffer_QRNN, optimizer_QRNN, model_ASN, replay_buffer_ASN, optimizer_ASN, do_RS, do_QRNN_step_rnd, use_sampling, use_mid, use_ASGNN)
                                                                                                                                                           ^^^^^^^^^^^^^^^^^^^^^^^^^^^^^^^^^^^^^^^^^^^^^^^^^^^^^^^^^^^^^^^^^^^^^^^^^^^^^^^^^^^^^^^^^^^^^^^^^^^^^^^^^^^^^^^^^^^^^^^^^^^^^^^^^^^^^^^^^^^^^^^^^^^^^^^^^^^^^^^^^^^^^^^^^^^^^^^^^^^^^^^^^^^^^
  File "/lustre06/project/6086407/nileb3/QRNN-MPC/Files/main_funcs.py", line 194, in main_QRNN_MPC
    episode_reward_list = start_QRNN_MPC_wASGNN(prob_vars, env, seed, model_QRNN, replay_buffer_QRNN, optimizer_QRNN, model_ASN, replay_buffer_ASN, optimizer_ASN, do_RS, use_sampling, use_mid, use_ASGNN)
                          ^^^^^^^^^^^^^^^^^^^^^^^^^^^^^^^^^^^^^^^^^^^^^^^^^^^^^^^^^^^^^^^^^^^^^^^^^^^^^^^^^^^^^^^^^^^^^^^^^^^^^^^^^^^^^^^^^^^^^^^^^^^^^^^^^^^^^^^^^^^^^^^^^^^^^^^^^^^^^^^^^^^^^^^^^^^^^^^^^
  File "/lustre06/project/6086407/nileb3/QRNN-MPC/Files/MPC_QRNN_funcs.py", line 437, in start_QRNN_MPC_wASGNN
    loss = train_ActionSequenceNN(model_ASN, replay_buffer_ASN, prob_vars.batch_size, optimizer_ASN, num_epochs=1)
           ^^^^^^^^^^^^^^^^^^^^^^^^^^^^^^^^^^^^^^^^^^^^^^^^^^^^^^^^^^^^^^^^^^^^^^^^^^^^^^^^^^^^^^^^^^^^^^^^^^^^^^^
  File "/lustre06/project/6086407/nileb3/QRNN-MPC/Files/ASGNN.py", line 125, in train_ActionSequenceNN
    loss = categorical_cross_entropy_loss(logits, actions)
           ^^^^^^^^^^^^^^^^^^^^^^^^^^^^^^^^^^^^^^^^^^^^^^^
  File "/lustre06/project/6086407/nileb3/QRNN-MPC/Files/ASGNN.py", line 106, in categorical_cross_entropy_loss
    return torch.nn.functional.nll_loss(log_probs, actions)
           ^^^^^^^^^^^^^^^^^^^^^^^^^^^^^^^^^^^^^^^^^^^^^^^^
  File "/home/nileb3/myenv/lib/python3.11/site-packages/torch/nn/functional.py", line 3158, in nll_loss
    return torch._C._nn.nll_loss_nd(
           ^^^^^^^^^^^^^^^^^^^^^^^^^
IndexError: Target 3 is out of bounds.
