The following modules were not unloaded:
  (Use "module --force purge" to unload all):

  1) CCconfig        6)  ucx/1.14.1         11) flexiblas/3.3.1
  2) gentoo/2023     7)  libfabric/1.18.0   12) imkl/2023.2.0
  3) gcccore/.12.3   8)  pmix/4.2.4         13) StdEnv/2023
  4) gcc/12.3        9)  ucc/1.2.0
  5) hwloc/2.9.1     10) openmpi/4.1.5
prob  CartPoleContinuous 

all methods 

Traceback (most recent call last):
  File "/project/6086407/nileb3/QRNN-MPC/Files/run_CPC_MSE_rnd_RS.py", line 80, in <module>
    episode_rep_rewards_MPC_PF_MSENN_random_mid, mean_episode_rep_rewards_MPC_PF_MSENN_random_mid, std_episode_rep_rewards_MPC_PF_MSENN_random_mid = main_50NN_MSENN_MPC(prob_vars, method_name, model_MSENN, replay_buffer_MSENN, optimizer_MSENN, loss_MSENN, model_ASN, replay_buffer_ASN, optimizer_ASN, do_RS, do_QRNN_step_rnd, use_sampling, use_mid, use_ASGNN)
                                                                                                                                                     ^^^^^^^^^^^^^^^^^^^^^^^^^^^^^^^^^^^^^^^^^^^^^^^^^^^^^^^^^^^^^^^^^^^^^^^^^^^^^^^^^^^^^^^^^^^^^^^^^^^^^^^^^^^^^^^^^^^^^^^^^^^^^^^^^^^^^^^^^^^^^^^^^^^^^^^^^^^^^^^^^^^^^^^^^^^^^^^^^^^^^^^^^^^^^^^^^^^^^^^^^^^^^^^^^^
  File "/project/6086407/nileb3/QRNN-MPC/Files/main_funcs.py", line 96, in main_50NN_MSENN_MPC
    episode_reward_list = start_50NN_MSENNrand_RS(prob_vars, env, seed, model_state, replay_buffer_state, optimizer_state, loss_state, model_ASN, replay_buffer_ASN, optimizer_ASN, do_RS, do_QRNN_step_rnd, use_sampling, use_mid, use_ASGNN)
                          ^^^^^^^^^^^^^^^^^^^^^^^^^^^^^^^^^^^^^^^^^^^^^^^^^^^^^^^^^^^^^^^^^^^^^^^^^^^^^^^^^^^^^^^^^^^^^^^^^^^^^^^^^^^^^^^^^^^^^^^^^^^^^^^^^^^^^^^^^^^^^^^^^^^^^^^^^^^^^^^^^^^^^^^^^^^^^^^^^^^^^^^^^^^^^^^^^^^^^^^^^^^^^^^^^^^^
  File "/project/6086407/nileb3/QRNN-MPC/Files/MPC_50NN_MSENN_funcs.py", line 698, in start_50NN_MSENNrand_RS
    next_state, reward, done, truncated, info = env.step(action)
                                                ^^^^^^^^^^^^^^^^
  File "/project/6086407/nileb3/QRNN-MPC/Files/cartpole_continuous.py", line 61, in step
    action = action.squeeze()
             ^^^^^^^^^^^^^^
AttributeError: 'float' object has no attribute 'squeeze'
