The following modules were not unloaded:
  (Use "module --force purge" to unload all):

  1) CCconfig        6)  ucx/1.14.1         11) flexiblas/3.3.1
  2) gentoo/2023     7)  libfabric/1.18.0   12) imkl/2023.2.0
  3) gcccore/.12.3   8)  pmix/4.2.4         13) StdEnv/2023
  4) gcc/12.3        9)  ucc/1.2.0
  5) hwloc/2.9.1     10) openmpi/4.1.5
prob  CartPoleContinuous 

all methods 

Traceback (most recent call last):
  File "/project/6086407/nileb3/QRNN-MPC/Files/run_CPC_Q_rnd_RS_CEM.py", line 79, in <module>
    episode_rep_rewards_MPC_PF_QRNN_random_mid, mean_episode_rep_rewards_MPC_PF_QRNN_random_mid, std_episode_rep_rewards_MPC_PF_QRNN_random_mid = main_QRNN_MPC(prob_vars, method_name, model_QRNN, replay_buffer_QRNN, optimizer_QRNN, model_ASN, replay_buffer_ASN, optimizer_ASN, do_RS, do_QRNN_step_rnd, use_sampling, use_mid, use_ASGNN)
                                                                                                                                                  ^^^^^^^^^^^^^^^^^^^^^^^^^^^^^^^^^^^^^^^^^^^^^^^^^^^^^^^^^^^^^^^^^^^^^^^^^^^^^^^^^^^^^^^^^^^^^^^^^^^^^^^^^^^^^^^^^^^^^^^^^^^^^^^^^^^^^^^^^^^^^^^^^^^^^^^^^^^^^^^^^^^^^^^^^^^^^^^^^^^^^^^^^^^^^
  File "/project/6086407/nileb3/QRNN-MPC/Files/main_funcs.py", line 178, in main_QRNN_MPC
    episode_reward_list = start_QRNNrand_RS(prob_vars, env, seed, model_QRNN, replay_buffer_QRNN, optimizer_QRNN, model_ASN, replay_buffer_ASN, optimizer_ASN, do_RS, do_QRNN_step_rnd, use_sampling, use_mid, use_ASGNN)
                          ^^^^^^^^^^^^^^^^^^^^^^^^^^^^^^^^^^^^^^^^^^^^^^^^^^^^^^^^^^^^^^^^^^^^^^^^^^^^^^^^^^^^^^^^^^^^^^^^^^^^^^^^^^^^^^^^^^^^^^^^^^^^^^^^^^^^^^^^^^^^^^^^^^^^^^^^^^^^^^^^^^^^^^^^^^^^^^^^^^^^^^^^^^^^^^^
  File "/project/6086407/nileb3/QRNN-MPC/Files/MPC_QRNN_funcs.py", line 589, in start_QRNNrand_RS
    state, _ = env.reset(seed=seed)
               ^^^^^^^^^^^^^^^^^^^^
  File "/home/nileb3/myenv/lib/python3.11/site-packages/gymnasium/wrappers/rendering.py", line 331, in reset
    obs, info = super().reset(seed=seed, options=options)
                ^^^^^^^^^^^^^^^^^^^^^^^^^^^^^^^^^^^^^^^^^
  File "/home/nileb3/myenv/lib/python3.11/site-packages/gymnasium/core.py", line 333, in reset
    return self.env.reset(seed=seed, options=options)
           ^^^^^^^^^^^^^^^^^^^^^^^^^^^^^^^^^^^^^^^^^^
TypeError: CartPoleContinuousEnv.reset() got an unexpected keyword argument 'options'
