The following modules were not unloaded:
  (Use "module --force purge" to unload all):

  1) CCconfig        6)  ucx/1.14.1         11) flexiblas/3.3.1
  2) gentoo/2023     7)  libfabric/1.18.0   12) imkl/2023.2.0
  3) gcccore/.12.3   8)  pmix/4.2.4         13) StdEnv/2023
  4) gcc/12.3        9)  ucc/1.2.0
  5) hwloc/2.9.1     10) openmpi/4.1.5
prob  MountainCarContinuous 

all methods 

Traceback (most recent call last):
  File "/project/6086407/nileb3/QRNN-MPC/Files/run_MCC_Q_rnd_RS.py", line 80, in <module>
    episode_rep_rewards_MPC_PF_QRNN_random_mid, mean_episode_rep_rewards_MPC_PF_QRNN_random_mid, std_episode_rep_rewards_MPC_PF_QRNN_random_mid = main_QRNN_MPC(prob_vars, method_name, model_QRNN, replay_buffer_QRNN, optimizer_QRNN, model_ASN, replay_buffer_ASN, optimizer_ASN, do_RS, do_QRNN_step_rnd, use_sampling, use_mid, use_ASGNN)
                                                                                                                                                  ^^^^^^^^^^^^^^^^^^^^^^^^^^^^^^^^^^^^^^^^^^^^^^^^^^^^^^^^^^^^^^^^^^^^^^^^^^^^^^^^^^^^^^^^^^^^^^^^^^^^^^^^^^^^^^^^^^^^^^^^^^^^^^^^^^^^^^^^^^^^^^^^^^^^^^^^^^^^^^^^^^^^^^^^^^^^^^^^^^^^^^^^^^^^^
  File "/project/6086407/nileb3/QRNN-MPC/Files/main_funcs.py", line 178, in main_QRNN_MPC
    episode_reward_list = start_QRNNrand_RS(prob_vars, env, seed, model_QRNN, replay_buffer_QRNN, optimizer_QRNN, model_ASN, replay_buffer_ASN, optimizer_ASN, do_RS, do_QRNN_step_rnd, use_sampling, use_mid, use_ASGNN)
                          ^^^^^^^^^^^^^^^^^^^^^^^^^^^^^^^^^^^^^^^^^^^^^^^^^^^^^^^^^^^^^^^^^^^^^^^^^^^^^^^^^^^^^^^^^^^^^^^^^^^^^^^^^^^^^^^^^^^^^^^^^^^^^^^^^^^^^^^^^^^^^^^^^^^^^^^^^^^^^^^^^^^^^^^^^^^^^^^^^^^^^^^^^^^^^^^
  File "/project/6086407/nileb3/QRNN-MPC/Files/MPC_QRNN_funcs.py", line 669, in start_QRNNrand_RS
    best_particle, action, best_cost, particles = choose_action_func(prob_vars, state, particles, do_RS, use_sampling, use_mid, use_ASGNN, model_QRNN, model_ASN, episode=episode, step=step, goal_state=prob_vars.goal_state)
                                                  ^^^^^^^^^^^^^^^^^^^^^^^^^^^^^^^^^^^^^^^^^^^^^^^^^^^^^^^^^^^^^^^^^^^^^^^^^^^^^^^^^^^^^^^^^^^^^^^^^^^^^^^^^^^^^^^^^^^^^^^^^^^^^^^^^^^^^^^^^^^^^^^^^^^^^^^^^^^^^^^^^^^^^^^^^^^^
  File "/project/6086407/nileb3/QRNN-MPC/Files/choose_action.py", line 47, in choose_action_func
    costs = mpc_func(prob_vars, sim_states, particles, use_ASGNN, model_QRNN, use_sampling, use_mid, model_ASN)
            ^^^^^^^^^^^^^^^^^^^^^^^^^^^^^^^^^^^^^^^^^^^^^^^^^^^^^^^^^^^^^^^^^^^^^^^^^^^^^^^^^^^^^^^^^^^^^^^^^^^
  File "/project/6086407/nileb3/QRNN-MPC/Files/mpc.py", line 144, in mpc_func
    costs += prob_vars.compute_cost(prob_vars.prob, next_states, h, horizon, actions) # h, horizon,
             ^^^^^^^^^^^^^^^^^^^^^^^^^^^^^^^^^^^^^^^^^^^^^^^^^^^^^^^^^^^^^^^^^^^^^^^^
  File "/project/6086407/nileb3/QRNN-MPC/Files/setup.py", line 828, in compute_cost
    return self.compute_cost_MountainCarContinuous(states, t, horizon, actions)
           ^^^^^^^^^^^^^^^^^^^^^^^^^^^^^^^^^^^^^^^^^^^^^^^^^^^^^^^^^^^^^^^^^^^^
  File "/project/6086407/nileb3/QRNN-MPC/Files/setup.py", line 517, in compute_cost_MountainCarContinuous
    distance_reward += 0.05*(actions)**2
RuntimeError: output with shape [100] doesn't match the broadcast shape [100, 100]
