The following modules were not unloaded:
  (Use "module --force purge" to unload all):

  1) CCconfig        6)  ucx/1.14.1         11) flexiblas/3.3.1
  2) gentoo/2023     7)  libfabric/1.18.0   12) imkl/2023.2.0
  3) gcccore/.12.3   8)  pmix/4.2.4         13) StdEnv/2023
  4) gcc/12.3        9)  ucc/1.2.0
  5) hwloc/2.9.1     10) openmpi/4.1.5
/project/6086407/nileb3/QRNN-MPC/New Files July 23/icem/pytorch_icem/icem.py:69: UserWarning: To copy construct from a tensor, it is recommended to use sourceTensor.clone().detach() or sourceTensor.clone().detach().requires_grad_(True), rather than torch.tensor(sourceTensor).
  self.sigma = torch.tensor(self.sigma).to(device=self.device)
bootstrapping finished 

total_reward  -99.9999999999986 

total_reward  -99.83525222938097 

total_reward  -99.9999999999986 

total_reward  -99.9999999999986 

total_reward  -99.9999999999986 

total_reward  -98.92253488715056 

total_reward  -99.87549648426103 

total_reward  -99.9999999999986 

total_reward  -99.9999999999986 

total_reward  -99.9999999999986 

total_reward  -99.79660652835585 

total_reward  -99.9999999999986 

total_reward  -99.9999999999986 

total_reward  -99.9999999999986 

total_reward  -99.9999999999986 

total_reward  -99.66229296526195 

total_reward  -99.76820440563604 

total_reward  -98.51047807236291 

total_reward  -99.9518397064488 

total_reward  -99.92934284373428 

total_reward  -99.77111412000654 

total_reward  -99.86724873065992 

total_reward  -99.87121015496353 

total_reward  -99.85257970927742 

total_reward  -99.8136921219448 

total_reward  -99.76558066155536 

Traceback (most recent call last):
  File "/project/6086407/nileb3/QRNN-MPC/New Files July 23/icem/MountainCar_approximate_continuous_seed15.py", line 221, in <module>
    total_reward, data = icem.run_icem(icem_gym, seed, env, train, iter=max_steps, render=False, prob=prob, nb_repeat_action=nb_repeat_action) # mppi.run_mppi(mppi_gym, seed, env, train, iter=max_episodes, render=False)
                         ^^^^^^^^^^^^^^^^^^^^^^^^^^^^^^^^^^^^^^^^^^^^^^^^^^^^^^^^^^^^^^^^^^^^^^^^^^^^^^^^^^^^^^^^^^^^^^^^^^^^^^^^^^^^^^^^^^^^^
  File "/project/6086407/nileb3/QRNN-MPC/New Files July 23/icem/pytorch_icem/icem.py", line 242, in run_icem
    nb_episode_success += 1
    ^^^^^^^^^^^^^^^^^^
UnboundLocalError: cannot access local variable 'nb_episode_success' where it is not associated with a value
