The following modules were not unloaded:
  (Use "module --force purge" to unload all):

  1) CCconfig        6)  ucx/1.14.1         11) flexiblas/3.3.1
  2) gentoo/2023     7)  libfabric/1.18.0   12) imkl/2023.2.0
  3) gcccore/.12.3   8)  pmix/4.2.4         13) StdEnv/2023
  4) gcc/12.3        9)  ucc/1.2.0
  5) hwloc/2.9.1     10) openmpi/4.1.5
/project/6086407/nileb3/QRNN-MPC/New Files July 23/icem/pytorch_icem/icem.py:69: UserWarning: To copy construct from a tensor, it is recommended to use sourceTensor.clone().detach() or sourceTensor.clone().detach().requires_grad_(True), rather than torch.tensor(sourceTensor).
  self.sigma = torch.tensor(self.sigma).to(device=self.device)
bootstrapping finished 

total_reward  73.89533689896486 

total_reward  -99.64941815180856 

total_reward  -99.9999999999986 

total_reward  -99.55158454343419 

total_reward  -99.89579327566355 

total_reward  -99.9999999999986 

total_reward  72.41921100877332 

total_reward  26.129304304273944 

total_reward  73.5879987431068 

total_reward  77.10547337864116 

total_reward  84.00000000000004 

total_reward  84.53291645621954 

total_reward  -97.29441058332424 

total_reward  18.869346236345592 

total_reward  -99.60147465451783 

total_reward  -99.9999999999986 

total_reward  94.07464832988225 

total_reward  93.22213944741245 

total_reward  93.89728903578579 

total_reward  79.78418478785062 

total_reward  93.58553307253725 

total_reward  86.35989885261726 

total_reward  61.53360210896797 

total_reward  73.58957255561955 

total_reward  80.30377611778533 

total_reward  82.74856819296664 

total_reward  68.50512758432524 

total_reward  55.6424468605558 

total_reward  84.59049916589966 

total_reward  87.70000000000003 

total_reward  71.83483957449305 

total_reward  89.53764778843681 

total_reward  76.01293980811658 

total_reward  61.319416222447316 

total_reward  73.7798738221141 

total_reward  67.58147005655402 

total_reward  80.60053460878949 

total_reward  83.27361505990704 

total_reward  93.34588453543158 

total_reward  88.2520823116246 

total_reward  86.68187551899138 

total_reward  90.92936448513619 

total_reward  92.67699720408928 

total_reward  91.93243632633096 

total_reward  45.3758880874784 

total_reward  78.09353532838253 

total_reward  91.73258292152241 

total_reward  84.61421753764506 

total_reward  79.60809387855153 

total_reward  82.12455701614803 

total_reward  89.90909687679839 

total_reward  87.4301711228571 

total_reward  57.252596986984656 

total_reward  91.72870535181536 

total_reward  -98.84834793793932 

total_reward  -99.9999999999986 

total_reward  -99.72858881944946 

total_reward  58.46504740581106 

total_reward  44.266943382994896 

total_reward  42.489638349608974 

total_reward  78.33919861098234 

total_reward  71.15000205563635 

total_reward  63.2677279346209 

total_reward  67.26356926446786 

total_reward  73.50243974983843 

total_reward  85.24037036182465 

total_reward  73.68410379290256 

total_reward  93.05400041960579 

total_reward  91.33020983551441 

total_reward  61.856659754612295 

total_reward  86.58488216365798 

total_reward  92.56354991570856 

total_reward  90.71919314172304 

total_reward  82.94285920274194 

total_reward  81.89015518374224 

total_reward  82.52189040927931 

total_reward  86.56645368654026 

total_reward  84.92040480903285 

total_reward  90.025427245223 

total_reward  83.83269241273224 

total_reward  75.6206966550744 

total_reward  79.04150490968264 

total_reward  88.03555035987402 

total_reward  83.03041995233696 

total_reward  85.11090838834197 

total_reward  84.9955726419557 

total_reward  71.09151695393452 

total_reward  -99.19451740448926 

total_reward  -98.94059623062104 

total_reward  -99.4596346724625 

total_reward  -98.33962014657791 

total_reward  -99.17042450967557 

total_reward  -97.10479859676784 

total_reward  76.78166283634914 

total_reward  53.81818271318297 

total_reward  89.07919348827699 

total_reward  42.048681421976816 

total_reward  80.99699729593412 

total_reward  88.93548907675762 

total_reward  88.92243778868676 

total_reward  80.26984241835603 

total_reward  90.69259526585196 

total_reward  62.693694064746715 

total_reward  84.4729777082638 

total_reward  56.59307278059662 

total_reward  91.81642909468505 

total_reward  89.74635648346893 

total_reward  56.267299021495376 

total_reward  -96.94651625898989 

total_reward  -95.19597847746098 

total_reward  68.40365334338688 

total_reward  -94.38207413822308 

total_reward  -96.99378667675504 

total_reward  -95.99623011889965 

total_reward  -95.83688978213132 

total_reward  27.579787861338872 

total_reward  56.542650539416066 

total_reward  -95.00333179921721 

total_reward  45.538161264166334 

total_reward  76.73199977667272 

total_reward  68.9044418830347 

total_reward  72.7764388116284 

total_reward  68.72221270201634 

total_reward  80.5448324367162 

total_reward  75.27450816541325 

total_reward  69.52292819304712 

total_reward  75.65190150402015 

total_reward  85.23852335206146 

total_reward  74.91683355205488 

total_reward  85.74711479097124 

total_reward  83.53599157326262 

total_reward  60.40335491653066 

total_reward  69.8993224258237 

total_reward  74.1944063646907 

total_reward  81.57916250112297 

total_reward  80.81050543437851 

total_reward  81.54190285314597 

total_reward  86.60246159192322 

total_reward  75.7475599897811 

total_reward  76.44573729087693 

total_reward  57.38159628286578 

total_reward  67.23266618492507 

total_reward  84.52653562007339 

total_reward  78.70668417685224 

total_reward  80.72298211847951 

total_reward  74.52075027425408 

total_reward  69.47985797315229 

total_reward  67.72946897024406 

total_reward  72.0876858305525 

total_reward  65.72312164615998 

total_reward  80.63200667606107 

total_reward  70.51570879458781 

total_reward  52.363889659016934 

total_reward  63.345430529513955 

total_reward  57.35485413340524 

total_reward  64.89535670042349 

total_reward  83.79483370803925 

total_reward  74.65718078952385 

total_reward  47.89099741242075 

total_reward  11.835099510732817 

total_reward  79.62098056088809 

total_reward  82.03801712123553 

total_reward  76.03641352874669 

total_reward  88.61305795658335 

total_reward  93.71852303289468 

total_reward  93.76709141314214 

total_reward  94.09580222483628 

total_reward  67.94999540442629 

total_reward  41.58518835178956 

total_reward  92.44626215706398 

total_reward  85.85693451453861 

total_reward  75.57263821521948 

total_reward  71.17703497007689 

total_reward  94.55940947998737 

total_reward  87.39910929416965 

total_reward  91.70057939492108 

total_reward  92.16023172032676 

total_reward  87.00225990968434 

total_reward  88.80550467849478 

total_reward  85.15248842539413 

total_reward  81.7532344473107 

total_reward  84.42630647190857 

total_reward  82.81735507502295 

total_reward  80.83299710655683 

total_reward  77.47506982351118 

total_reward  82.3139285622305 

total_reward  72.69546682238519 

total_reward  91.66636002913026 

total_reward  88.15816668370842 

total_reward  22.09926216440718 

total_reward  80.81287893068156 

total_reward  90.60543098282004 

total_reward  75.83976913116244 

total_reward  87.95492076418564 

total_reward  84.29593328364099 

total_reward  71.34445738502801 

total_reward  92.3695875975971 

total_reward  94.30409000693955 

total_reward  89.81455138954101 

total_reward  83.18709244847408 

total_reward  77.45315868859251 

total_reward  82.93762128891444 

total_reward  72.45941218544323 

total_reward  84.76909349156959 

total_reward  50.93883068370421 

total_reward  83.1146306864285 

total_reward  71.61587506630772 

total_reward  68.9825396288389 

total_reward  76.39950502515549 

total_reward  94.53841351920298 

total_reward  84.26764345345217 

total_reward  88.39556474991305 

total_reward  64.91884485879012 

total_reward  78.97551423157772 

total_reward  88.02748531177362 

total_reward  77.5903408754945 

total_reward  89.08260926601962 

total_reward  79.48354375658478 

total_reward  93.56473515416626 

total_reward  92.81236181948094 

total_reward  83.65819780370708 

total_reward  78.89855782491449 

total_reward  79.48158808663126 

total_reward  83.22727498051846 

total_reward  92.30944394629486 

total_reward  79.74463116605406 

total_reward  43.95817711292894 

total_reward  84.3896093536967 

total_reward  75.4275954027348 

total_reward  79.32912242717887 

total_reward  87.40720823462605 

total_reward  84.44209056872342 

total_reward  86.7541404034119 

total_reward  83.69860853514861 

total_reward  55.5526502895783 

total_reward  84.83331174704927 

total_reward  70.75117275336441 

total_reward  84.84121461182922 

total_reward  71.93598722244592 

total_reward  81.87708367316266 

total_reward  81.25539965519167 

total_reward  87.32996372105417 

total_reward  78.40974251932934 

total_reward  88.96348300598137 

total_reward  81.89833596232013 

total_reward  86.24090414149916 

total_reward  66.69413843463536 

total_reward  62.78764230001975 

total_reward  84.05987434009315 

total_reward  77.31082687605321 

total_reward  59.8409415949277 

total_reward  84.15425977148142 

total_reward  71.62770946763456 

total_reward  60.73428516860655 

total_reward  75.10690999340952 

total_reward  76.47336277454454 

total_reward  58.346098039103886 

total_reward  89.33169169596059 

total_reward  63.91754582224261 

total_reward  75.94161421161189 

total_reward  70.66187601732193 

total_reward  74.46294167806123 

total_reward  89.86509985955848 

total_reward  81.49154008061532 

total_reward  87.55762110121049 

total_reward  85.73831596828958 

total_reward  73.83066313137661 

total_reward  73.33678162162082 

total_reward  82.90037150916959 

total_reward  70.67131220560657 

total_reward  78.5852388551975 

total_reward  85.37032638716533 

total_reward  79.04376119967984 

total_reward  86.9353343266612 

total_reward  81.90248720920212 

total_reward  87.82415116099038 

total_reward  80.79665024688154 

total_reward  64.26078953212416 

total_reward  83.99061981664018 

total_reward  64.08399269616916 

total_reward  79.87901396966087 

total_reward  83.61803293298318 

total_reward  81.38198658861586 

total_reward  90.26684577462765 

total_reward  85.86421643382536 

total_reward  89.37014484595686 

total_reward  75.5628166880061 

total_reward  86.82141793777515 

total_reward  84.2889488113495 

total_reward  80.76624653834833 

total_reward  71.72851834332285 

total_reward  24.353452539884657 

total_reward  88.44256752621796 

total_reward  80.49758345132602 

total_reward  87.89630891436602 

total_reward  75.27885083321166 

total_reward  84.12863427768232 

total_reward  77.4895007758489 

total_reward  63.89219333838346 

total_reward  93.216196746962 

Saved data 

